-----------------------------------------------
Modules/Setup.dist is newer than Modules/Setup;
check to make sure you have all the updates you
need in your Modules/Setup file.
Usually, copying Modules/Setup.dist to Modules/Setup will work.
-----------------------------------------------
/bin/sh ./Modules/makesetup -c ./Modules/config.c.in \
			-s Modules \
			Modules/Setup.config \
			Modules/Setup.local \
			Modules/Setup
The Makefile was updated, you may need to re-run make.
-----------------------------------------------
Modules/Setup.dist is newer than Modules/Setup;
check to make sure you have all the updates you
need in your Modules/Setup file.
Usually, copying Modules/Setup.dist to Modules/Setup will work.
-----------------------------------------------
gcc -pthread -c -fno-strict-aliasing -g -O2 -DNDEBUG -g -fwrapv -O3 -Wall -Wstrict-prototypes  -I. -IInclude -I./Include   -DPy_BUILD_CORE -o Modules/config.o Modules/config.c
gcc -pthread -c -fno-strict-aliasing -g -O2 -DNDEBUG -g -fwrapv -O3 -Wall -Wstrict-prototypes  -I. -IInclude -I./Include   -DPy_BUILD_CORE -DPYTHONPATH='":plat-linux2:lib-tk:lib-old"' \
	-DPREFIX='"/usr/local"' \
	-DEXEC_PREFIX='"/usr/local"' \
	-DVERSION='"2.7"' \
	-DVPATH='""' \
	-o Modules/getpath.o ./Modules/getpath.c
gcc -pthread -c -fno-strict-aliasing -g -O2 -DNDEBUG -g -fwrapv -O3 -Wall -Wstrict-prototypes  -I. -IInclude -I./Include   -DPy_BUILD_CORE \
      -DGITVERSION="\"`LC_ALL=C `\"" \
      -DGITTAG="\"`LC_ALL=C `\"" \
      -DGITBRANCH="\"`LC_ALL=C `\"" \
      -o Modules/getbuildinfo.o ./Modules/getbuildinfo.c
rm -f libpython2.7.a
ar rc libpython2.7.a Modules/getbuildinfo.o
ar rc libpython2.7.a Parser/acceler.o Parser/grammar1.o Parser/listnode.o Parser/node.o Parser/parser.o Parser/parsetok.o Parser/bitset.o Parser/metagrammar.o Parser/firstsets.o Parser/grammar.o Parser/pgen.o Parser/myreadline.o Parser/tokenizer.o
ar rc libpython2.7.a Objects/abstract.o Objects/boolobject.o Objects/bufferobject.o Objects/bytes_methods.o Objects/bytearrayobject.o Objects/capsule.o Objects/cellobject.o Objects/classobject.o Objects/cobject.o Objects/codeobject.o Objects/complexobject.o Objects/descrobject.o Objects/enumobject.o Objects/exceptions.o Objects/genobject.o Objects/fileobject.o Objects/floatobject.o Objects/frameobject.o Objects/funcobject.o Objects/intobject.o Objects/iterobject.o Objects/listobject.o Objects/longobject.o Objects/dictobject.o Objects/memoryobject.o Objects/methodobject.o Objects/moduleobject.o Objects/object.o Objects/obmalloc.o Objects/rangeobject.o Objects/setobject.o Objects/sliceobject.o Objects/stringobject.o Objects/structseq.o Objects/tupleobject.o Objects/typeobject.o Objects/weakrefobject.o Objects/unicodeobject.o Objects/unicodectype.o
ar rc libpython2.7.a Python/_warnings.o Python/Python-ast.o Python/asdl.o Python/ast.o Python/bltinmodule.o Python/ceval.o Python/compile.o Python/codecs.o Python/errors.o Python/frozen.o Python/frozenmain.o Python/future.o Python/getargs.o Python/getcompiler.o Python/getcopyright.o Python/getplatform.o Python/getversion.o Python/graminit.o Python/import.o Python/importdl.o Python/marshal.o Python/modsupport.o Python/mystrtoul.o Python/mysnprintf.o Python/peephole.o Python/pyarena.o Python/pyctype.o Python/pyfpe.o Python/pymath.o Python/pystate.o Python/pythonrun.o Python/random.o Python/structmember.o Python/symtable.o Python/sysmodule.o Python/traceback.o Python/getopt.o Python/pystrcmp.o Python/pystrtod.o Python/dtoa.o Python/formatter_unicode.o Python/formatter_string.o Python/dynload_shlib.o   Python/thread.o
ar rc libpython2.7.a Modules/config.o Modules/getpath.o Modules/main.o Modules/gcmodule.o 
ar rc libpython2.7.a Modules/threadmodule.o  Modules/signalmodule.o  Modules/binascii.o  Modules/arraymodule.o  Modules/cmathmodule.o Modules/_math.o  Modules/mathmodule.o Modules/_math.o  Modules/_struct.o  Modules/timemodule.o  Modules/operator.o  Modules/_testcapimodule.o  Modules/_randommodule.o  Modules/_collectionsmodule.o  Modules/_heapqmodule.o  Modules/itertoolsmodule.o  Modules/stropmodule.o  Modules/_functoolsmodule.o  Modules/_elementtree.o  Modules/datetimemodule.o  Modules/_bisectmodule.o  Modules/unicodedata.o  Modules/_localemodule.o  Modules/bufferedio.o Modules/bytesio.o Modules/fileio.o Modules/iobase.o Modules/_iomodule.o Modules/stringio.o Modules/textio.o  Modules/fcntlmodule.o  Modules/spwdmodule.o  Modules/grpmodule.o  Modules/selectmodule.o  Modules/mmapmodule.o  Modules/_csv.o  Modules/socketmodule.o Modules/timemodule.o  Modules/nismodule.o  Modules/termios.o  Modules/resource.o  Modules/md5module.o Modules/md5.o  Modules/shamodule.o  Modules/sha256module.o  Modules/sha512module.o  Modules/posixmodule.o  Modules/errnomodule.o  Modules/pwdmodule.o  Modules/_sre.o  Modules/_codecsmodule.o  Modules/_weakref.o  Modules/zipimport.o  Modules/symtablemodule.o  Modules/xxsubtype.o
ranlib libpython2.7.a
/usr/bin/g++ -static  -o python \
		Modules/python.o \
		libpython2.7.a -lpthread -ldl  -lutil -lnsl                 -lm  
./python -E -S -m sysconfig --generate-posix-vars ;\
if test $? -ne 0 ; then \
	echo "generate-posix-vars failed" ; \
	rm -f ./pybuilddir.txt ; \
	exit 1 ; \
fi
running build
running build_ext
INFO: Can't locate Tcl/Tk libs and/or headers
building '_ctypes_test' extension
gcc -pthread -fPIC -fno-strict-aliasing -g -O2 -DNDEBUG -g -fwrapv -O3 -Wall -Wstrict-prototypes -I. -IInclude -I./Include -I/usr/include/arm-linux-gnueabihf -I/usr/local/include -I/home/pi/python/source/python_static/Include -I/home/pi/python/source/python_static -c /home/pi/python/source/python_static/Modules/_ctypes/_ctypes_test.c -o build/temp.linux-armv7l-2.7/home/pi/python/source/python_static/Modules/_ctypes/_ctypes_test.o
gcc -pthread -shared -static -static build/temp.linux-armv7l-2.7/home/pi/python/source/python_static/Modules/_ctypes/_ctypes_test.o -L/usr/lib/arm-linux-gnueabihf -L/usr/local/lib -o build/lib.linux-armv7l-2.7/_ctypes_test.so
building 'future_builtins' extension
gcc -pthread -fPIC -fno-strict-aliasing -g -O2 -DNDEBUG -g -fwrapv -O3 -Wall -Wstrict-prototypes -I. -IInclude -I./Include -I/usr/include/arm-linux-gnueabihf -I/usr/local/include -I/home/pi/python/source/python_static/Include -I/home/pi/python/source/python_static -c /home/pi/python/source/python_static/Modules/future_builtins.c -o build/temp.linux-armv7l-2.7/home/pi/python/source/python_static/Modules/future_builtins.o
gcc -pthread -shared -static -static build/temp.linux-armv7l-2.7/home/pi/python/source/python_static/Modules/future_builtins.o -L/usr/lib/arm-linux-gnueabihf -L/usr/local/lib -o build/lib.linux-armv7l-2.7/future_builtins.so
building '_json' extension
gcc -pthread -fPIC -fno-strict-aliasing -g -O2 -DNDEBUG -g -fwrapv -O3 -Wall -Wstrict-prototypes -I. -IInclude -I./Include -I/usr/include/arm-linux-gnueabihf -I/usr/local/include -I/home/pi/python/source/python_static/Include -I/home/pi/python/source/python_static -c /home/pi/python/source/python_static/Modules/_json.c -o build/temp.linux-armv7l-2.7/home/pi/python/source/python_static/Modules/_json.o
gcc -pthread -shared -static -static build/temp.linux-armv7l-2.7/home/pi/python/source/python_static/Modules/_json.o -L/usr/lib/arm-linux-gnueabihf -L/usr/local/lib -o build/lib.linux-armv7l-2.7/_json.so
building '_hotshot' extension
gcc -pthread -fPIC -fno-strict-aliasing -g -O2 -DNDEBUG -g -fwrapv -O3 -Wall -Wstrict-prototypes -I. -IInclude -I./Include -I/usr/include/arm-linux-gnueabihf -I/usr/local/include -I/home/pi/python/source/python_static/Include -I/home/pi/python/source/python_static -c /home/pi/python/source/python_static/Modules/_hotshot.c -o build/temp.linux-armv7l-2.7/home/pi/python/source/python_static/Modules/_hotshot.o
gcc -pthread -shared -static -static build/temp.linux-armv7l-2.7/home/pi/python/source/python_static/Modules/_hotshot.o -L/usr/lib/arm-linux-gnueabihf -L/usr/local/lib -o build/lib.linux-armv7l-2.7/_hotshot.so
building '_lsprof' extension
gcc -pthread -fPIC -fno-strict-aliasing -g -O2 -DNDEBUG -g -fwrapv -O3 -Wall -Wstrict-prototypes -I. -IInclude -I./Include -I/usr/include/arm-linux-gnueabihf -I/usr/local/include -I/home/pi/python/source/python_static/Include -I/home/pi/python/source/python_static -c /home/pi/python/source/python_static/Modules/_lsprof.c -o build/temp.linux-armv7l-2.7/home/pi/python/source/python_static/Modules/_lsprof.o
gcc -pthread -fPIC -fno-strict-aliasing -g -O2 -DNDEBUG -g -fwrapv -O3 -Wall -Wstrict-prototypes -I. -IInclude -I./Include -I/usr/include/arm-linux-gnueabihf -I/usr/local/include -I/home/pi/python/source/python_static/Include -I/home/pi/python/source/python_static -c /home/pi/python/source/python_static/Modules/rotatingtree.c -o build/temp.linux-armv7l-2.7/home/pi/python/source/python_static/Modules/rotatingtree.o
gcc -pthread -shared -static -static build/temp.linux-armv7l-2.7/home/pi/python/source/python_static/Modules/_lsprof.o build/temp.linux-armv7l-2.7/home/pi/python/source/python_static/Modules/rotatingtree.o -L/usr/lib/arm-linux-gnueabihf -L/usr/local/lib -o build/lib.linux-armv7l-2.7/_lsprof.so
building 'parser' extension
gcc -pthread -fPIC -fno-strict-aliasing -g -O2 -DNDEBUG -g -fwrapv -O3 -Wall -Wstrict-prototypes -I. -IInclude -I./Include -I/usr/include/arm-linux-gnueabihf -I/usr/local/include -I/home/pi/python/source/python_static/Include -I/home/pi/python/source/python_static -c /home/pi/python/source/python_static/Modules/parsermodule.c -o build/temp.linux-armv7l-2.7/home/pi/python/source/python_static/Modules/parsermodule.o
gcc -pthread -shared -static -static build/temp.linux-armv7l-2.7/home/pi/python/source/python_static/Modules/parsermodule.o -L/usr/lib/arm-linux-gnueabihf -L/usr/local/lib -o build/lib.linux-armv7l-2.7/parser.so
building 'cStringIO' extension
gcc -pthread -fPIC -fno-strict-aliasing -g -O2 -DNDEBUG -g -fwrapv -O3 -Wall -Wstrict-prototypes -I. -IInclude -I./Include -I/usr/include/arm-linux-gnueabihf -I/usr/local/include -I/home/pi/python/source/python_static/Include -I/home/pi/python/source/python_static -c /home/pi/python/source/python_static/Modules/cStringIO.c -o build/temp.linux-armv7l-2.7/home/pi/python/source/python_static/Modules/cStringIO.o
gcc -pthread -shared -static -static build/temp.linux-armv7l-2.7/home/pi/python/source/python_static/Modules/cStringIO.o -L/usr/lib/arm-linux-gnueabihf -L/usr/local/lib -o build/lib.linux-armv7l-2.7/cStringIO.so
building 'cPickle' extension
gcc -pthread -fPIC -fno-strict-aliasing -g -O2 -DNDEBUG -g -fwrapv -O3 -Wall -Wstrict-prototypes -I. -IInclude -I./Include -I/usr/include/arm-linux-gnueabihf -I/usr/local/include -I/home/pi/python/source/python_static/Include -I/home/pi/python/source/python_static -c /home/pi/python/source/python_static/Modules/cPickle.c -o build/temp.linux-armv7l-2.7/home/pi/python/source/python_static/Modules/cPickle.o
gcc -pthread -shared -static -static build/temp.linux-armv7l-2.7/home/pi/python/source/python_static/Modules/cPickle.o -L/usr/lib/arm-linux-gnueabihf -L/usr/local/lib -o build/lib.linux-armv7l-2.7/cPickle.so
building 'syslog' extension
gcc -pthread -fPIC -fno-strict-aliasing -g -O2 -DNDEBUG -g -fwrapv -O3 -Wall -Wstrict-prototypes -I. -IInclude -I./Include -I/usr/include/arm-linux-gnueabihf -I/usr/local/include -I/home/pi/python/source/python_static/Include -I/home/pi/python/source/python_static -c /home/pi/python/source/python_static/Modules/syslogmodule.c -o build/temp.linux-armv7l-2.7/home/pi/python/source/python_static/Modules/syslogmodule.o
gcc -pthread -shared -static -static build/temp.linux-armv7l-2.7/home/pi/python/source/python_static/Modules/syslogmodule.o -L/usr/lib/arm-linux-gnueabihf -L/usr/local/lib -o build/lib.linux-armv7l-2.7/syslog.so
building 'audioop' extension
gcc -pthread -fPIC -fno-strict-aliasing -g -O2 -DNDEBUG -g -fwrapv -O3 -Wall -Wstrict-prototypes -I. -IInclude -I./Include -I/usr/include/arm-linux-gnueabihf -I/usr/local/include -I/home/pi/python/source/python_static/Include -I/home/pi/python/source/python_static -c /home/pi/python/source/python_static/Modules/audioop.c -o build/temp.linux-armv7l-2.7/home/pi/python/source/python_static/Modules/audioop.o
gcc -pthread -shared -static -static build/temp.linux-armv7l-2.7/home/pi/python/source/python_static/Modules/audioop.o -L/usr/lib/arm-linux-gnueabihf -L/usr/local/lib -o build/lib.linux-armv7l-2.7/audioop.so
building 'imageop' extension
gcc -pthread -fPIC -fno-strict-aliasing -g -O2 -DNDEBUG -g -fwrapv -O3 -Wall -Wstrict-prototypes -I. -IInclude -I./Include -I/usr/include/arm-linux-gnueabihf -I/usr/local/include -I/home/pi/python/source/python_static/Include -I/home/pi/python/source/python_static -c /home/pi/python/source/python_static/Modules/imageop.c -o build/temp.linux-armv7l-2.7/home/pi/python/source/python_static/Modules/imageop.o
gcc -pthread -shared -static -static build/temp.linux-armv7l-2.7/home/pi/python/source/python_static/Modules/imageop.o -L/usr/lib/arm-linux-gnueabihf -L/usr/local/lib -o build/lib.linux-armv7l-2.7/imageop.so
building 'crypt' extension
gcc -pthread -fPIC -fno-strict-aliasing -g -O2 -DNDEBUG -g -fwrapv -O3 -Wall -Wstrict-prototypes -I. -IInclude -I./Include -I/usr/include/arm-linux-gnueabihf -I/usr/local/include -I/home/pi/python/source/python_static/Include -I/home/pi/python/source/python_static -c /home/pi/python/source/python_static/Modules/cryptmodule.c -o build/temp.linux-armv7l-2.7/home/pi/python/source/python_static/Modules/cryptmodule.o
gcc -pthread -shared -static -static build/temp.linux-armv7l-2.7/home/pi/python/source/python_static/Modules/cryptmodule.o -L/usr/lib/arm-linux-gnueabihf -L/usr/local/lib -lcrypt -o build/lib.linux-armv7l-2.7/crypt.so
building '_ssl' extension
gcc -pthread -fPIC -fno-strict-aliasing -g -O2 -DNDEBUG -g -fwrapv -O3 -Wall -Wstrict-prototypes -I. -IInclude -I./Include -I/usr/include/arm-linux-gnueabihf -I/usr/local/include -I/home/pi/python/source/python_static/Include -I/home/pi/python/source/python_static -c /home/pi/python/source/python_static/Modules/_ssl.c -o build/temp.linux-armv7l-2.7/home/pi/python/source/python_static/Modules/_ssl.o
gcc -pthread -shared -static -static build/temp.linux-armv7l-2.7/home/pi/python/source/python_static/Modules/_ssl.o -L/usr/lib/arm-linux-gnueabihf -L/usr/local/lib -lssl -lcrypto -o build/lib.linux-armv7l-2.7/_ssl.so
building '_hashlib' extension
gcc -pthread -fPIC -fno-strict-aliasing -g -O2 -DNDEBUG -g -fwrapv -O3 -Wall -Wstrict-prototypes -I. -IInclude -I./Include -I/usr/include/arm-linux-gnueabihf -I/usr/local/include -I/home/pi/python/source/python_static/Include -I/home/pi/python/source/python_static -c /home/pi/python/source/python_static/Modules/_hashopenssl.c -o build/temp.linux-armv7l-2.7/home/pi/python/source/python_static/Modules/_hashopenssl.o
gcc -pthread -shared -static -static build/temp.linux-armv7l-2.7/home/pi/python/source/python_static/Modules/_hashopenssl.o -L/usr/lib/arm-linux-gnueabihf -L/usr/local/lib -lssl -lcrypto -o build/lib.linux-armv7l-2.7/_hashlib.so
building '_sqlite3' extension
gcc -pthread -fPIC -fno-strict-aliasing -g -O2 -DNDEBUG -g -fwrapv -O3 -Wall -Wstrict-prototypes -DMODULE_NAME="sqlite3" -DSQLITE_OMIT_LOAD_EXTENSION=1 -IModules/_sqlite -I/usr/include -I. -IInclude -I./Include -I/usr/include/arm-linux-gnueabihf -I/usr/local/include -I/home/pi/python/source/python_static/Include -I/home/pi/python/source/python_static -c /home/pi/python/source/python_static/Modules/_sqlite/cache.c -o build/temp.linux-armv7l-2.7/home/pi/python/source/python_static/Modules/_sqlite/cache.o
gcc -pthread -fPIC -fno-strict-aliasing -g -O2 -DNDEBUG -g -fwrapv -O3 -Wall -Wstrict-prototypes -DMODULE_NAME="sqlite3" -DSQLITE_OMIT_LOAD_EXTENSION=1 -IModules/_sqlite -I/usr/include -I. -IInclude -I./Include -I/usr/include/arm-linux-gnueabihf -I/usr/local/include -I/home/pi/python/source/python_static/Include -I/home/pi/python/source/python_static -c /home/pi/python/source/python_static/Modules/_sqlite/connection.c -o build/temp.linux-armv7l-2.7/home/pi/python/source/python_static/Modules/_sqlite/connection.o
gcc -pthread -fPIC -fno-strict-aliasing -g -O2 -DNDEBUG -g -fwrapv -O3 -Wall -Wstrict-prototypes -DMODULE_NAME="sqlite3" -DSQLITE_OMIT_LOAD_EXTENSION=1 -IModules/_sqlite -I/usr/include -I. -IInclude -I./Include -I/usr/include/arm-linux-gnueabihf -I/usr/local/include -I/home/pi/python/source/python_static/Include -I/home/pi/python/source/python_static -c /home/pi/python/source/python_static/Modules/_sqlite/cursor.c -o build/temp.linux-armv7l-2.7/home/pi/python/source/python_static/Modules/_sqlite/cursor.o
gcc -pthread -fPIC -fno-strict-aliasing -g -O2 -DNDEBUG -g -fwrapv -O3 -Wall -Wstrict-prototypes -DMODULE_NAME="sqlite3" -DSQLITE_OMIT_LOAD_EXTENSION=1 -IModules/_sqlite -I/usr/include -I. -IInclude -I./Include -I/usr/include/arm-linux-gnueabihf -I/usr/local/include -I/home/pi/python/source/python_static/Include -I/home/pi/python/source/python_static -c /home/pi/python/source/python_static/Modules/_sqlite/microprotocols.c -o build/temp.linux-armv7l-2.7/home/pi/python/source/python_static/Modules/_sqlite/microprotocols.o
gcc -pthread -fPIC -fno-strict-aliasing -g -O2 -DNDEBUG -g -fwrapv -O3 -Wall -Wstrict-prototypes -DMODULE_NAME="sqlite3" -DSQLITE_OMIT_LOAD_EXTENSION=1 -IModules/_sqlite -I/usr/include -I. -IInclude -I./Include -I/usr/include/arm-linux-gnueabihf -I/usr/local/include -I/home/pi/python/source/python_static/Include -I/home/pi/python/source/python_static -c /home/pi/python/source/python_static/Modules/_sqlite/module.c -o build/temp.linux-armv7l-2.7/home/pi/python/source/python_static/Modules/_sqlite/module.o
gcc -pthread -fPIC -fno-strict-aliasing -g -O2 -DNDEBUG -g -fwrapv -O3 -Wall -Wstrict-prototypes -DMODULE_NAME="sqlite3" -DSQLITE_OMIT_LOAD_EXTENSION=1 -IModules/_sqlite -I/usr/include -I. -IInclude -I./Include -I/usr/include/arm-linux-gnueabihf -I/usr/local/include -I/home/pi/python/source/python_static/Include -I/home/pi/python/source/python_static -c /home/pi/python/source/python_static/Modules/_sqlite/prepare_protocol.c -o build/temp.linux-armv7l-2.7/home/pi/python/source/python_static/Modules/_sqlite/prepare_protocol.o
gcc -pthread -fPIC -fno-strict-aliasing -g -O2 -DNDEBUG -g -fwrapv -O3 -Wall -Wstrict-prototypes -DMODULE_NAME="sqlite3" -DSQLITE_OMIT_LOAD_EXTENSION=1 -IModules/_sqlite -I/usr/include -I. -IInclude -I./Include -I/usr/include/arm-linux-gnueabihf -I/usr/local/include -I/home/pi/python/source/python_static/Include -I/home/pi/python/source/python_static -c /home/pi/python/source/python_static/Modules/_sqlite/row.c -o build/temp.linux-armv7l-2.7/home/pi/python/source/python_static/Modules/_sqlite/row.o
gcc -pthread -fPIC -fno-strict-aliasing -g -O2 -DNDEBUG -g -fwrapv -O3 -Wall -Wstrict-prototypes -DMODULE_NAME="sqlite3" -DSQLITE_OMIT_LOAD_EXTENSION=1 -IModules/_sqlite -I/usr/include -I. -IInclude -I./Include -I/usr/include/arm-linux-gnueabihf -I/usr/local/include -I/home/pi/python/source/python_static/Include -I/home/pi/python/source/python_static -c /home/pi/python/source/python_static/Modules/_sqlite/statement.c -o build/temp.linux-armv7l-2.7/home/pi/python/source/python_static/Modules/_sqlite/statement.o
gcc -pthread -fPIC -fno-strict-aliasing -g -O2 -DNDEBUG -g -fwrapv -O3 -Wall -Wstrict-prototypes -DMODULE_NAME="sqlite3" -DSQLITE_OMIT_LOAD_EXTENSION=1 -IModules/_sqlite -I/usr/include -I. -IInclude -I./Include -I/usr/include/arm-linux-gnueabihf -I/usr/local/include -I/home/pi/python/source/python_static/Include -I/home/pi/python/source/python_static -c /home/pi/python/source/python_static/Modules/_sqlite/util.c -o build/temp.linux-armv7l-2.7/home/pi/python/source/python_static/Modules/_sqlite/util.o
gcc -pthread -shared -static -static build/temp.linux-armv7l-2.7/home/pi/python/source/python_static/Modules/_sqlite/cache.o build/temp.linux-armv7l-2.7/home/pi/python/source/python_static/Modules/_sqlite/connection.o build/temp.linux-armv7l-2.7/home/pi/python/source/python_static/Modules/_sqlite/cursor.o build/temp.linux-armv7l-2.7/home/pi/python/source/python_static/Modules/_sqlite/microprotocols.o build/temp.linux-armv7l-2.7/home/pi/python/source/python_static/Modules/_sqlite/module.o build/temp.linux-armv7l-2.7/home/pi/python/source/python_static/Modules/_sqlite/prepare_protocol.o build/temp.linux-armv7l-2.7/home/pi/python/source/python_static/Modules/_sqlite/row.o build/temp.linux-armv7l-2.7/home/pi/python/source/python_static/Modules/_sqlite/statement.o build/temp.linux-armv7l-2.7/home/pi/python/source/python_static/Modules/_sqlite/util.o -L/usr/lib/arm-linux-gnueabihf -L/usr/lib/arm-linux-gnueabihf -L/usr/local/lib -lsqlite3 -o build/lib.linux-armv7l-2.7/_sqlite3.so
building 'zlib' extension
gcc -pthread -fPIC -fno-strict-aliasing -g -O2 -DNDEBUG -g -fwrapv -O3 -Wall -Wstrict-prototypes -I. -IInclude -I./Include -I/usr/include/arm-linux-gnueabihf -I/usr/local/include -I/home/pi/python/source/python_static/Include -I/home/pi/python/source/python_static -c /home/pi/python/source/python_static/Modules/zlibmodule.c -o build/temp.linux-armv7l-2.7/home/pi/python/source/python_static/Modules/zlibmodule.o
gcc -pthread -shared -static -static build/temp.linux-armv7l-2.7/home/pi/python/source/python_static/Modules/zlibmodule.o -L/usr/lib/arm-linux-gnueabihf -L/usr/local/lib -lz -o build/lib.linux-armv7l-2.7/zlib.so
building 'pyexpat' extension
gcc -pthread -fPIC -fno-strict-aliasing -g -O2 -DNDEBUG -g -fwrapv -O3 -Wall -Wstrict-prototypes -DHAVE_EXPAT_CONFIG_H=1 -DXML_POOR_ENTROPY=1 -DUSE_PYEXPAT_CAPI -I/home/pi/python/source/python_static/./Modules/expat -I. -IInclude -I./Include -I/usr/include/arm-linux-gnueabihf -I/usr/local/include -I/home/pi/python/source/python_static/Include -I/home/pi/python/source/python_static -c /home/pi/python/source/python_static/Modules/pyexpat.c -o build/temp.linux-armv7l-2.7/home/pi/python/source/python_static/Modules/pyexpat.o
gcc -pthread -fPIC -fno-strict-aliasing -g -O2 -DNDEBUG -g -fwrapv -O3 -Wall -Wstrict-prototypes -DHAVE_EXPAT_CONFIG_H=1 -DXML_POOR_ENTROPY=1 -DUSE_PYEXPAT_CAPI -I/home/pi/python/source/python_static/./Modules/expat -I. -IInclude -I./Include -I/usr/include/arm-linux-gnueabihf -I/usr/local/include -I/home/pi/python/source/python_static/Include -I/home/pi/python/source/python_static -c /home/pi/python/source/python_static/Modules/expat/xmlparse.c -o build/temp.linux-armv7l-2.7/home/pi/python/source/python_static/Modules/expat/xmlparse.o
gcc -pthread -fPIC -fno-strict-aliasing -g -O2 -DNDEBUG -g -fwrapv -O3 -Wall -Wstrict-prototypes -DHAVE_EXPAT_CONFIG_H=1 -DXML_POOR_ENTROPY=1 -DUSE_PYEXPAT_CAPI -I/home/pi/python/source/python_static/./Modules/expat -I. -IInclude -I./Include -I/usr/include/arm-linux-gnueabihf -I/usr/local/include -I/home/pi/python/source/python_static/Include -I/home/pi/python/source/python_static -c /home/pi/python/source/python_static/Modules/expat/xmlrole.c -o build/temp.linux-armv7l-2.7/home/pi/python/source/python_static/Modules/expat/xmlrole.o
gcc -pthread -fPIC -fno-strict-aliasing -g -O2 -DNDEBUG -g -fwrapv -O3 -Wall -Wstrict-prototypes -DHAVE_EXPAT_CONFIG_H=1 -DXML_POOR_ENTROPY=1 -DUSE_PYEXPAT_CAPI -I/home/pi/python/source/python_static/./Modules/expat -I. -IInclude -I./Include -I/usr/include/arm-linux-gnueabihf -I/usr/local/include -I/home/pi/python/source/python_static/Include -I/home/pi/python/source/python_static -c /home/pi/python/source/python_static/Modules/expat/xmltok.c -o build/temp.linux-armv7l-2.7/home/pi/python/source/python_static/Modules/expat/xmltok.o
gcc -pthread -shared -static -static build/temp.linux-armv7l-2.7/home/pi/python/source/python_static/Modules/pyexpat.o build/temp.linux-armv7l-2.7/home/pi/python/source/python_static/Modules/expat/xmlparse.o build/temp.linux-armv7l-2.7/home/pi/python/source/python_static/Modules/expat/xmlrole.o build/temp.linux-armv7l-2.7/home/pi/python/source/python_static/Modules/expat/xmltok.o -L/usr/lib/arm-linux-gnueabihf -L/usr/local/lib -o build/lib.linux-armv7l-2.7/pyexpat.so
building '_multibytecodec' extension
gcc -pthread -fPIC -fno-strict-aliasing -g -O2 -DNDEBUG -g -fwrapv -O3 -Wall -Wstrict-prototypes -I. -IInclude -I./Include -I/usr/include/arm-linux-gnueabihf -I/usr/local/include -I/home/pi/python/source/python_static/Include -I/home/pi/python/source/python_static -c /home/pi/python/source/python_static/Modules/cjkcodecs/multibytecodec.c -o build/temp.linux-armv7l-2.7/home/pi/python/source/python_static/Modules/cjkcodecs/multibytecodec.o
gcc -pthread -shared -static -static build/temp.linux-armv7l-2.7/home/pi/python/source/python_static/Modules/cjkcodecs/multibytecodec.o -L/usr/lib/arm-linux-gnueabihf -L/usr/local/lib -o build/lib.linux-armv7l-2.7/_multibytecodec.so
building '_codecs_kr' extension
gcc -pthread -fPIC -fno-strict-aliasing -g -O2 -DNDEBUG -g -fwrapv -O3 -Wall -Wstrict-prototypes -I. -IInclude -I./Include -I/usr/include/arm-linux-gnueabihf -I/usr/local/include -I/home/pi/python/source/python_static/Include -I/home/pi/python/source/python_static -c /home/pi/python/source/python_static/Modules/cjkcodecs/_codecs_kr.c -o build/temp.linux-armv7l-2.7/home/pi/python/source/python_static/Modules/cjkcodecs/_codecs_kr.o
gcc -pthread -shared -static -static build/temp.linux-armv7l-2.7/home/pi/python/source/python_static/Modules/cjkcodecs/_codecs_kr.o -L/usr/lib/arm-linux-gnueabihf -L/usr/local/lib -o build/lib.linux-armv7l-2.7/_codecs_kr.so
building '_codecs_jp' extension
gcc -pthread -fPIC -fno-strict-aliasing -g -O2 -DNDEBUG -g -fwrapv -O3 -Wall -Wstrict-prototypes -I. -IInclude -I./Include -I/usr/include/arm-linux-gnueabihf -I/usr/local/include -I/home/pi/python/source/python_static/Include -I/home/pi/python/source/python_static -c /home/pi/python/source/python_static/Modules/cjkcodecs/_codecs_jp.c -o build/temp.linux-armv7l-2.7/home/pi/python/source/python_static/Modules/cjkcodecs/_codecs_jp.o
gcc -pthread -shared -static -static build/temp.linux-armv7l-2.7/home/pi/python/source/python_static/Modules/cjkcodecs/_codecs_jp.o -L/usr/lib/arm-linux-gnueabihf -L/usr/local/lib -o build/lib.linux-armv7l-2.7/_codecs_jp.so
building '_codecs_cn' extension
gcc -pthread -fPIC -fno-strict-aliasing -g -O2 -DNDEBUG -g -fwrapv -O3 -Wall -Wstrict-prototypes -I. -IInclude -I./Include -I/usr/include/arm-linux-gnueabihf -I/usr/local/include -I/home/pi/python/source/python_static/Include -I/home/pi/python/source/python_static -c /home/pi/python/source/python_static/Modules/cjkcodecs/_codecs_cn.c -o build/temp.linux-armv7l-2.7/home/pi/python/source/python_static/Modules/cjkcodecs/_codecs_cn.o
gcc -pthread -shared -static -static build/temp.linux-armv7l-2.7/home/pi/python/source/python_static/Modules/cjkcodecs/_codecs_cn.o -L/usr/lib/arm-linux-gnueabihf -L/usr/local/lib -o build/lib.linux-armv7l-2.7/_codecs_cn.so
building '_codecs_tw' extension
gcc -pthread -fPIC -fno-strict-aliasing -g -O2 -DNDEBUG -g -fwrapv -O3 -Wall -Wstrict-prototypes -I. -IInclude -I./Include -I/usr/include/arm-linux-gnueabihf -I/usr/local/include -I/home/pi/python/source/python_static/Include -I/home/pi/python/source/python_static -c /home/pi/python/source/python_static/Modules/cjkcodecs/_codecs_tw.c -o build/temp.linux-armv7l-2.7/home/pi/python/source/python_static/Modules/cjkcodecs/_codecs_tw.o
gcc -pthread -shared -static -static build/temp.linux-armv7l-2.7/home/pi/python/source/python_static/Modules/cjkcodecs/_codecs_tw.o -L/usr/lib/arm-linux-gnueabihf -L/usr/local/lib -o build/lib.linux-armv7l-2.7/_codecs_tw.so
building '_codecs_hk' extension
gcc -pthread -fPIC -fno-strict-aliasing -g -O2 -DNDEBUG -g -fwrapv -O3 -Wall -Wstrict-prototypes -I. -IInclude -I./Include -I/usr/include/arm-linux-gnueabihf -I/usr/local/include -I/home/pi/python/source/python_static/Include -I/home/pi/python/source/python_static -c /home/pi/python/source/python_static/Modules/cjkcodecs/_codecs_hk.c -o build/temp.linux-armv7l-2.7/home/pi/python/source/python_static/Modules/cjkcodecs/_codecs_hk.o
gcc -pthread -shared -static -static build/temp.linux-armv7l-2.7/home/pi/python/source/python_static/Modules/cjkcodecs/_codecs_hk.o -L/usr/lib/arm-linux-gnueabihf -L/usr/local/lib -o build/lib.linux-armv7l-2.7/_codecs_hk.so
building '_codecs_iso2022' extension
gcc -pthread -fPIC -fno-strict-aliasing -g -O2 -DNDEBUG -g -fwrapv -O3 -Wall -Wstrict-prototypes -I. -IInclude -I./Include -I/usr/include/arm-linux-gnueabihf -I/usr/local/include -I/home/pi/python/source/python_static/Include -I/home/pi/python/source/python_static -c /home/pi/python/source/python_static/Modules/cjkcodecs/_codecs_iso2022.c -o build/temp.linux-armv7l-2.7/home/pi/python/source/python_static/Modules/cjkcodecs/_codecs_iso2022.o
gcc -pthread -shared -static -static build/temp.linux-armv7l-2.7/home/pi/python/source/python_static/Modules/cjkcodecs/_codecs_iso2022.o -L/usr/lib/arm-linux-gnueabihf -L/usr/local/lib -o build/lib.linux-armv7l-2.7/_codecs_iso2022.so
building 'dl' extension
gcc -pthread -fPIC -fno-strict-aliasing -g -O2 -DNDEBUG -g -fwrapv -O3 -Wall -Wstrict-prototypes -I. -IInclude -I./Include -I/usr/include/arm-linux-gnueabihf -I/usr/local/include -I/home/pi/python/source/python_static/Include -I/home/pi/python/source/python_static -c /home/pi/python/source/python_static/Modules/dlmodule.c -o build/temp.linux-armv7l-2.7/home/pi/python/source/python_static/Modules/dlmodule.o
gcc -pthread -shared -static -static build/temp.linux-armv7l-2.7/home/pi/python/source/python_static/Modules/dlmodule.o -L/usr/lib/arm-linux-gnueabihf -L/usr/local/lib -o build/lib.linux-armv7l-2.7/dl.so
building '_multiprocessing' extension
gcc -pthread -fPIC -fno-strict-aliasing -g -O2 -DNDEBUG -g -fwrapv -O3 -Wall -Wstrict-prototypes -IModules/_multiprocessing -I. -IInclude -I./Include -I/usr/include/arm-linux-gnueabihf -I/usr/local/include -I/home/pi/python/source/python_static/Include -I/home/pi/python/source/python_static -c /home/pi/python/source/python_static/Modules/_multiprocessing/multiprocessing.c -o build/temp.linux-armv7l-2.7/home/pi/python/source/python_static/Modules/_multiprocessing/multiprocessing.o
gcc -pthread -fPIC -fno-strict-aliasing -g -O2 -DNDEBUG -g -fwrapv -O3 -Wall -Wstrict-prototypes -IModules/_multiprocessing -I. -IInclude -I./Include -I/usr/include/arm-linux-gnueabihf -I/usr/local/include -I/home/pi/python/source/python_static/Include -I/home/pi/python/source/python_static -c /home/pi/python/source/python_static/Modules/_multiprocessing/socket_connection.c -o build/temp.linux-armv7l-2.7/home/pi/python/source/python_static/Modules/_multiprocessing/socket_connection.o
gcc -pthread -fPIC -fno-strict-aliasing -g -O2 -DNDEBUG -g -fwrapv -O3 -Wall -Wstrict-prototypes -IModules/_multiprocessing -I. -IInclude -I./Include -I/usr/include/arm-linux-gnueabihf -I/usr/local/include -I/home/pi/python/source/python_static/Include -I/home/pi/python/source/python_static -c /home/pi/python/source/python_static/Modules/_multiprocessing/semaphore.c -o build/temp.linux-armv7l-2.7/home/pi/python/source/python_static/Modules/_multiprocessing/semaphore.o
gcc -pthread -shared -static -static build/temp.linux-armv7l-2.7/home/pi/python/source/python_static/Modules/_multiprocessing/multiprocessing.o build/temp.linux-armv7l-2.7/home/pi/python/source/python_static/Modules/_multiprocessing/socket_connection.o build/temp.linux-armv7l-2.7/home/pi/python/source/python_static/Modules/_multiprocessing/semaphore.o -L/usr/lib/arm-linux-gnueabihf -L/usr/local/lib -o build/lib.linux-armv7l-2.7/_multiprocessing.so
building 'linuxaudiodev' extension
gcc -pthread -fPIC -fno-strict-aliasing -g -O2 -DNDEBUG -g -fwrapv -O3 -Wall -Wstrict-prototypes -I. -IInclude -I./Include -I/usr/include/arm-linux-gnueabihf -I/usr/local/include -I/home/pi/python/source/python_static/Include -I/home/pi/python/source/python_static -c /home/pi/python/source/python_static/Modules/linuxaudiodev.c -o build/temp.linux-armv7l-2.7/home/pi/python/source/python_static/Modules/linuxaudiodev.o
gcc -pthread -shared -static -static build/temp.linux-armv7l-2.7/home/pi/python/source/python_static/Modules/linuxaudiodev.o -L/usr/lib/arm-linux-gnueabihf -L/usr/local/lib -o build/lib.linux-armv7l-2.7/linuxaudiodev.so
building 'ossaudiodev' extension
gcc -pthread -fPIC -fno-strict-aliasing -g -O2 -DNDEBUG -g -fwrapv -O3 -Wall -Wstrict-prototypes -I. -IInclude -I./Include -I/usr/include/arm-linux-gnueabihf -I/usr/local/include -I/home/pi/python/source/python_static/Include -I/home/pi/python/source/python_static -c /home/pi/python/source/python_static/Modules/ossaudiodev.c -o build/temp.linux-armv7l-2.7/home/pi/python/source/python_static/Modules/ossaudiodev.o
gcc -pthread -shared -static -static build/temp.linux-armv7l-2.7/home/pi/python/source/python_static/Modules/ossaudiodev.o -L/usr/lib/arm-linux-gnueabihf -L/usr/local/lib -o build/lib.linux-armv7l-2.7/ossaudiodev.so
building '_ctypes' extension
gcc -pthread -fPIC -fno-strict-aliasing -g -O2 -DNDEBUG -g -fwrapv -O3 -Wall -Wstrict-prototypes -Ibuild/temp.linux-armv7l-2.7/libffi/include -Ibuild/temp.linux-armv7l-2.7/libffi -I/home/pi/python/source/python_static/Modules/_ctypes/libffi/src -I. -IInclude -I./Include -I/usr/include/arm-linux-gnueabihf -I/usr/local/include -I/home/pi/python/source/python_static/Include -I/home/pi/python/source/python_static -c /home/pi/python/source/python_static/Modules/_ctypes/_ctypes.c -o build/temp.linux-armv7l-2.7/home/pi/python/source/python_static/Modules/_ctypes/_ctypes.o -Wall -fexceptions
gcc -pthread -fPIC -fno-strict-aliasing -g -O2 -DNDEBUG -g -fwrapv -O3 -Wall -Wstrict-prototypes -Ibuild/temp.linux-armv7l-2.7/libffi/include -Ibuild/temp.linux-armv7l-2.7/libffi -I/home/pi/python/source/python_static/Modules/_ctypes/libffi/src -I. -IInclude -I./Include -I/usr/include/arm-linux-gnueabihf -I/usr/local/include -I/home/pi/python/source/python_static/Include -I/home/pi/python/source/python_static -c /home/pi/python/source/python_static/Modules/_ctypes/callbacks.c -o build/temp.linux-armv7l-2.7/home/pi/python/source/python_static/Modules/_ctypes/callbacks.o -Wall -fexceptions
gcc -pthread -fPIC -fno-strict-aliasing -g -O2 -DNDEBUG -g -fwrapv -O3 -Wall -Wstrict-prototypes -Ibuild/temp.linux-armv7l-2.7/libffi/include -Ibuild/temp.linux-armv7l-2.7/libffi -I/home/pi/python/source/python_static/Modules/_ctypes/libffi/src -I. -IInclude -I./Include -I/usr/include/arm-linux-gnueabihf -I/usr/local/include -I/home/pi/python/source/python_static/Include -I/home/pi/python/source/python_static -c /home/pi/python/source/python_static/Modules/_ctypes/callproc.c -o build/temp.linux-armv7l-2.7/home/pi/python/source/python_static/Modules/_ctypes/callproc.o -Wall -fexceptions
gcc -pthread -fPIC -fno-strict-aliasing -g -O2 -DNDEBUG -g -fwrapv -O3 -Wall -Wstrict-prototypes -Ibuild/temp.linux-armv7l-2.7/libffi/include -Ibuild/temp.linux-armv7l-2.7/libffi -I/home/pi/python/source/python_static/Modules/_ctypes/libffi/src -I. -IInclude -I./Include -I/usr/include/arm-linux-gnueabihf -I/usr/local/include -I/home/pi/python/source/python_static/Include -I/home/pi/python/source/python_static -c /home/pi/python/source/python_static/Modules/_ctypes/stgdict.c -o build/temp.linux-armv7l-2.7/home/pi/python/source/python_static/Modules/_ctypes/stgdict.o -Wall -fexceptions
gcc -pthread -fPIC -fno-strict-aliasing -g -O2 -DNDEBUG -g -fwrapv -O3 -Wall -Wstrict-prototypes -Ibuild/temp.linux-armv7l-2.7/libffi/include -Ibuild/temp.linux-armv7l-2.7/libffi -I/home/pi/python/source/python_static/Modules/_ctypes/libffi/src -I. -IInclude -I./Include -I/usr/include/arm-linux-gnueabihf -I/usr/local/include -I/home/pi/python/source/python_static/Include -I/home/pi/python/source/python_static -c /home/pi/python/source/python_static/Modules/_ctypes/cfield.c -o build/temp.linux-armv7l-2.7/home/pi/python/source/python_static/Modules/_ctypes/cfield.o -Wall -fexceptions
gcc -pthread -fPIC -fno-strict-aliasing -g -O2 -DNDEBUG -g -fwrapv -O3 -Wall -Wstrict-prototypes -Ibuild/temp.linux-armv7l-2.7/libffi/include -Ibuild/temp.linux-armv7l-2.7/libffi -I/home/pi/python/source/python_static/Modules/_ctypes/libffi/src -I. -IInclude -I./Include -I/usr/include/arm-linux-gnueabihf -I/usr/local/include -I/home/pi/python/source/python_static/Include -I/home/pi/python/source/python_static -c /home/pi/python/source/python_static/Modules/_ctypes/libffi/src/prep_cif.c -o build/temp.linux-armv7l-2.7/home/pi/python/source/python_static/Modules/_ctypes/libffi/src/prep_cif.o -Wall -fexceptions
gcc -pthread -fPIC -fno-strict-aliasing -g -O2 -DNDEBUG -g -fwrapv -O3 -Wall -Wstrict-prototypes -Ibuild/temp.linux-armv7l-2.7/libffi/include -Ibuild/temp.linux-armv7l-2.7/libffi -I/home/pi/python/source/python_static/Modules/_ctypes/libffi/src -I. -IInclude -I./Include -I/usr/include/arm-linux-gnueabihf -I/usr/local/include -I/home/pi/python/source/python_static/Include -I/home/pi/python/source/python_static -c /home/pi/python/source/python_static/Modules/_ctypes/libffi/src/closures.c -o build/temp.linux-armv7l-2.7/home/pi/python/source/python_static/Modules/_ctypes/libffi/src/closures.o -Wall -fexceptions
gcc -pthread -fPIC -fno-strict-aliasing -g -O2 -DNDEBUG -g -fwrapv -O3 -Wall -Wstrict-prototypes -Ibuild/temp.linux-armv7l-2.7/libffi/include -Ibuild/temp.linux-armv7l-2.7/libffi -I/home/pi/python/source/python_static/Modules/_ctypes/libffi/src -I. -IInclude -I./Include -I/usr/include/arm-linux-gnueabihf -I/usr/local/include -I/home/pi/python/source/python_static/Include -I/home/pi/python/source/python_static -c /home/pi/python/source/python_static/Modules/_ctypes/libffi/src/arm/sysv.S -o build/temp.linux-armv7l-2.7/home/pi/python/source/python_static/Modules/_ctypes/libffi/src/arm/sysv.o -Wall -fexceptions
gcc -pthread -fPIC -fno-strict-aliasing -g -O2 -DNDEBUG -g -fwrapv -O3 -Wall -Wstrict-prototypes -Ibuild/temp.linux-armv7l-2.7/libffi/include -Ibuild/temp.linux-armv7l-2.7/libffi -I/home/pi/python/source/python_static/Modules/_ctypes/libffi/src -I. -IInclude -I./Include -I/usr/include/arm-linux-gnueabihf -I/usr/local/include -I/home/pi/python/source/python_static/Include -I/home/pi/python/source/python_static -c /home/pi/python/source/python_static/Modules/_ctypes/libffi/src/arm/ffi.c -o build/temp.linux-armv7l-2.7/home/pi/python/source/python_static/Modules/_ctypes/libffi/src/arm/ffi.o -Wall -fexceptions
gcc -pthread -shared -static -static build/temp.linux-armv7l-2.7/home/pi/python/source/python_static/Modules/_ctypes/_ctypes.o build/temp.linux-armv7l-2.7/home/pi/python/source/python_static/Modules/_ctypes/callbacks.o build/temp.linux-armv7l-2.7/home/pi/python/source/python_static/Modules/_ctypes/callproc.o build/temp.linux-armv7l-2.7/home/pi/python/source/python_static/Modules/_ctypes/stgdict.o build/temp.linux-armv7l-2.7/home/pi/python/source/python_static/Modules/_ctypes/cfield.o build/temp.linux-armv7l-2.7/home/pi/python/source/python_static/Modules/_ctypes/libffi/src/prep_cif.o build/temp.linux-armv7l-2.7/home/pi/python/source/python_static/Modules/_ctypes/libffi/src/closures.o build/temp.linux-armv7l-2.7/home/pi/python/source/python_static/Modules/_ctypes/libffi/src/arm/sysv.o build/temp.linux-armv7l-2.7/home/pi/python/source/python_static/Modules/_ctypes/libffi/src/arm/ffi.o -L/usr/lib/arm-linux-gnueabihf -L/usr/local/lib -o build/lib.linux-armv7l-2.7/_ctypes.so

Python build finished, but the necessary bits to build these modules were not found:
_bsddb             _curses            _curses_panel   
_tkinter           bsddb185           bz2             
dbm                gdbm               readline        
sunaudiodev                                           
To find the necessary bits, look in setup.py in detect_modules() for the module's name.


Failed to build these modules:
_codecs_cn         _codecs_hk         _codecs_iso2022 
_codecs_jp         _codecs_kr         _codecs_tw      
_ctypes            _ctypes_test       _hashlib        
_hotshot           _json              _lsprof         
_multibytecodec    _multiprocessing   _sqlite3        
_ssl               audioop            cPickle         
crypt              cStringIO          dl              
future_builtins    imageop            linuxaudiodev   
ossaudiodev        parser             pyexpat         
syslog             zlib                               

running build_scripts
