/bin/sh ./Modules/makesetup -c ./Modules/config.c.in \
			-s Modules \
			Modules/Setup.config \
			Modules/Setup.local \
			Modules/Setup
The Makefile was updated, you may need to re-run make.
gcc -pthread -c -fno-strict-aliasing -g -O2 -DNDEBUG -g -fwrapv -O3 -Wall -Wstrict-prototypes  -I. -IInclude -I./Include   -DPy_BUILD_CORE -o Modules/config.o Modules/config.c
gcc -pthread -c -fno-strict-aliasing -g -O2 -DNDEBUG -g -fwrapv -O3 -Wall -Wstrict-prototypes  -I. -IInclude -I./Include   -DPy_BUILD_CORE -DPYTHONPATH='":plat-linux2:lib-tk:lib-old"' \
	-DPREFIX='"/usr/local"' \
	-DEXEC_PREFIX='"/usr/local"' \
	-DVERSION='"2.7"' \
	-DVPATH='""' \
	-o Modules/getpath.o ./Modules/getpath.c
gcc -pthread -fno-strict-aliasing -g -O2 -DNDEBUG -g -fwrapv -O3 -Wall -Wstrict-prototypes  -I. -IInclude -I./Include   -DPy_BUILD_CORE  -c ./Modules/itertoolsmodule.c -o Modules/itertoolsmodule.o
gcc -pthread -fno-strict-aliasing -g -O2 -DNDEBUG -g -fwrapv -O3 -Wall -Wstrict-prototypes  -I. -IInclude -I./Include   -DPy_BUILD_CORE  -c ./Modules/selectmodule.c -o Modules/selectmodule.o
gcc -pthread -c -fno-strict-aliasing -g -O2 -DNDEBUG -g -fwrapv -O3 -Wall -Wstrict-prototypes  -I. -IInclude -I./Include   -DPy_BUILD_CORE \
      -DGITVERSION="\"`LC_ALL=C `\"" \
      -DGITTAG="\"`LC_ALL=C `\"" \
      -DGITBRANCH="\"`LC_ALL=C `\"" \
      -o Modules/getbuildinfo.o ./Modules/getbuildinfo.c
rm -f libpython2.7.a
ar rc libpython2.7.a Modules/getbuildinfo.o
ar rc libpython2.7.a Parser/acceler.o Parser/grammar1.o Parser/listnode.o Parser/node.o Parser/parser.o Parser/parsetok.o Parser/bitset.o Parser/metagrammar.o Parser/firstsets.o Parser/grammar.o Parser/pgen.o Parser/myreadline.o Parser/tokenizer.o
ar rc libpython2.7.a Objects/abstract.o Objects/boolobject.o Objects/bufferobject.o Objects/bytes_methods.o Objects/bytearrayobject.o Objects/capsule.o Objects/cellobject.o Objects/classobject.o Objects/cobject.o Objects/codeobject.o Objects/complexobject.o Objects/descrobject.o Objects/enumobject.o Objects/exceptions.o Objects/genobject.o Objects/fileobject.o Objects/floatobject.o Objects/frameobject.o Objects/funcobject.o Objects/intobject.o Objects/iterobject.o Objects/listobject.o Objects/longobject.o Objects/dictobject.o Objects/memoryobject.o Objects/methodobject.o Objects/moduleobject.o Objects/object.o Objects/obmalloc.o Objects/rangeobject.o Objects/setobject.o Objects/sliceobject.o Objects/stringobject.o Objects/structseq.o Objects/tupleobject.o Objects/typeobject.o Objects/weakrefobject.o Objects/unicodeobject.o Objects/unicodectype.o
ar rc libpython2.7.a Python/_warnings.o Python/Python-ast.o Python/asdl.o Python/ast.o Python/bltinmodule.o Python/ceval.o Python/compile.o Python/codecs.o Python/errors.o Python/frozen.o Python/frozenmain.o Python/future.o Python/getargs.o Python/getcompiler.o Python/getcopyright.o Python/getplatform.o Python/getversion.o Python/graminit.o Python/import.o Python/importdl.o Python/marshal.o Python/modsupport.o Python/mystrtoul.o Python/mysnprintf.o Python/peephole.o Python/pyarena.o Python/pyctype.o Python/pyfpe.o Python/pymath.o Python/pystate.o Python/pythonrun.o Python/random.o Python/structmember.o Python/symtable.o Python/sysmodule.o Python/traceback.o Python/getopt.o Python/pystrcmp.o Python/pystrtod.o Python/dtoa.o Python/formatter_unicode.o Python/formatter_string.o Python/dynload_shlib.o   Python/thread.o
ar rc libpython2.7.a Modules/config.o Modules/getpath.o Modules/main.o Modules/gcmodule.o 
ar rc libpython2.7.a Modules/threadmodule.o  Modules/signalmodule.o  Modules/mathmodule.o Modules/_math.o  Modules/timemodule.o  Modules/itertoolsmodule.o  Modules/selectmodule.o  Modules/posixmodule.o  Modules/errnomodule.o  Modules/pwdmodule.o  Modules/_sre.o  Modules/_codecsmodule.o  Modules/_weakref.o  Modules/zipimport.o  Modules/symtablemodule.o  Modules/xxsubtype.o
ranlib libpython2.7.a
/usr/bin/g++ -static  -o python \
		Modules/python.o \
		libpython2.7.a -lpthread -ldl  -lutil   -lm  
./python -E -S -m sysconfig --generate-posix-vars ;\
if test $? -ne 0 ; then \
	echo "generate-posix-vars failed" ; \
	rm -f ./pybuilddir.txt ; \
	exit 1 ; \
fi
running build
running build_ext
INFO: Can't locate Tcl/Tk libs and/or headers
building '_struct' extension
gcc -pthread -fPIC -fno-strict-aliasing -g -O2 -DNDEBUG -g -fwrapv -O3 -Wall -Wstrict-prototypes -I. -IInclude -I./Include -I/usr/include/arm-linux-gnueabihf -I/usr/local/include -I/home/pi/python/source/python_static/Include -I/home/pi/python/source/python_static -c /home/pi/python/source/python_static/Modules/_struct.c -o build/temp.linux-armv7l-2.7/home/pi/python/source/python_static/Modules/_struct.o
gcc -pthread -shared -static -static build/temp.linux-armv7l-2.7/home/pi/python/source/python_static/Modules/_struct.o -L/usr/lib/arm-linux-gnueabihf -L/usr/local/lib -o build/lib.linux-armv7l-2.7/_struct.so
building '_ctypes_test' extension
gcc -pthread -fPIC -fno-strict-aliasing -g -O2 -DNDEBUG -g -fwrapv -O3 -Wall -Wstrict-prototypes -I. -IInclude -I./Include -I/usr/include/arm-linux-gnueabihf -I/usr/local/include -I/home/pi/python/source/python_static/Include -I/home/pi/python/source/python_static -c /home/pi/python/source/python_static/Modules/_ctypes/_ctypes_test.c -o build/temp.linux-armv7l-2.7/home/pi/python/source/python_static/Modules/_ctypes/_ctypes_test.o
gcc -pthread -shared -static -static build/temp.linux-armv7l-2.7/home/pi/python/source/python_static/Modules/_ctypes/_ctypes_test.o -L/usr/lib/arm-linux-gnueabihf -L/usr/local/lib -o build/lib.linux-armv7l-2.7/_ctypes_test.so
building 'array' extension
gcc -pthread -fPIC -fno-strict-aliasing -g -O2 -DNDEBUG -g -fwrapv -O3 -Wall -Wstrict-prototypes -I. -IInclude -I./Include -I/usr/include/arm-linux-gnueabihf -I/usr/local/include -I/home/pi/python/source/python_static/Include -I/home/pi/python/source/python_static -c /home/pi/python/source/python_static/Modules/arraymodule.c -o build/temp.linux-armv7l-2.7/home/pi/python/source/python_static/Modules/arraymodule.o
gcc -pthread -shared -static -static build/temp.linux-armv7l-2.7/home/pi/python/source/python_static/Modules/arraymodule.o -L/usr/lib/arm-linux-gnueabihf -L/usr/local/lib -o build/lib.linux-armv7l-2.7/array.so
building 'cmath' extension
gcc -pthread -fPIC -fno-strict-aliasing -g -O2 -DNDEBUG -g -fwrapv -O3 -Wall -Wstrict-prototypes -I. -IInclude -I./Include -I/usr/include/arm-linux-gnueabihf -I/usr/local/include -I/home/pi/python/source/python_static/Include -I/home/pi/python/source/python_static -c /home/pi/python/source/python_static/Modules/cmathmodule.c -o build/temp.linux-armv7l-2.7/home/pi/python/source/python_static/Modules/cmathmodule.o
gcc -pthread -shared -static -static build/temp.linux-armv7l-2.7/home/pi/python/source/python_static/Modules/cmathmodule.o Modules/_math.o -L/usr/lib/arm-linux-gnueabihf -L/usr/local/lib -lm -o build/lib.linux-armv7l-2.7/cmath.so
building 'strop' extension
gcc -pthread -fPIC -fno-strict-aliasing -g -O2 -DNDEBUG -g -fwrapv -O3 -Wall -Wstrict-prototypes -I. -IInclude -I./Include -I/usr/include/arm-linux-gnueabihf -I/usr/local/include -I/home/pi/python/source/python_static/Include -I/home/pi/python/source/python_static -c /home/pi/python/source/python_static/Modules/stropmodule.c -o build/temp.linux-armv7l-2.7/home/pi/python/source/python_static/Modules/stropmodule.o
gcc -pthread -shared -static -static build/temp.linux-armv7l-2.7/home/pi/python/source/python_static/Modules/stropmodule.o -L/usr/lib/arm-linux-gnueabihf -L/usr/local/lib -o build/lib.linux-armv7l-2.7/strop.so
building 'datetime' extension
gcc -pthread -fPIC -fno-strict-aliasing -g -O2 -DNDEBUG -g -fwrapv -O3 -Wall -Wstrict-prototypes -I. -IInclude -I./Include -I/usr/include/arm-linux-gnueabihf -I/usr/local/include -I/home/pi/python/source/python_static/Include -I/home/pi/python/source/python_static -c /home/pi/python/source/python_static/Modules/datetimemodule.c -o build/temp.linux-armv7l-2.7/home/pi/python/source/python_static/Modules/datetimemodule.o
gcc -pthread -fPIC -fno-strict-aliasing -g -O2 -DNDEBUG -g -fwrapv -O3 -Wall -Wstrict-prototypes -I. -IInclude -I./Include -I/usr/include/arm-linux-gnueabihf -I/usr/local/include -I/home/pi/python/source/python_static/Include -I/home/pi/python/source/python_static -c /home/pi/python/source/python_static/Modules/timemodule.c -o build/temp.linux-armv7l-2.7/home/pi/python/source/python_static/Modules/timemodule.o
gcc -pthread -shared -static -static build/temp.linux-armv7l-2.7/home/pi/python/source/python_static/Modules/datetimemodule.o build/temp.linux-armv7l-2.7/home/pi/python/source/python_static/Modules/timemodule.o -L/usr/lib/arm-linux-gnueabihf -L/usr/local/lib -lm -o build/lib.linux-armv7l-2.7/datetime.so
building 'future_builtins' extension
gcc -pthread -fPIC -fno-strict-aliasing -g -O2 -DNDEBUG -g -fwrapv -O3 -Wall -Wstrict-prototypes -I. -IInclude -I./Include -I/usr/include/arm-linux-gnueabihf -I/usr/local/include -I/home/pi/python/source/python_static/Include -I/home/pi/python/source/python_static -c /home/pi/python/source/python_static/Modules/future_builtins.c -o build/temp.linux-armv7l-2.7/home/pi/python/source/python_static/Modules/future_builtins.o
gcc -pthread -shared -static -static build/temp.linux-armv7l-2.7/home/pi/python/source/python_static/Modules/future_builtins.o -L/usr/lib/arm-linux-gnueabihf -L/usr/local/lib -o build/lib.linux-armv7l-2.7/future_builtins.so
building '_random' extension
gcc -pthread -fPIC -fno-strict-aliasing -g -O2 -DNDEBUG -g -fwrapv -O3 -Wall -Wstrict-prototypes -I. -IInclude -I./Include -I/usr/include/arm-linux-gnueabihf -I/usr/local/include -I/home/pi/python/source/python_static/Include -I/home/pi/python/source/python_static -c /home/pi/python/source/python_static/Modules/_randommodule.c -o build/temp.linux-armv7l-2.7/home/pi/python/source/python_static/Modules/_randommodule.o
gcc -pthread -shared -static -static build/temp.linux-armv7l-2.7/home/pi/python/source/python_static/Modules/_randommodule.o -L/usr/lib/arm-linux-gnueabihf -L/usr/local/lib -o build/lib.linux-armv7l-2.7/_random.so
building '_collections' extension
gcc -pthread -fPIC -fno-strict-aliasing -g -O2 -DNDEBUG -g -fwrapv -O3 -Wall -Wstrict-prototypes -I. -IInclude -I./Include -I/usr/include/arm-linux-gnueabihf -I/usr/local/include -I/home/pi/python/source/python_static/Include -I/home/pi/python/source/python_static -c /home/pi/python/source/python_static/Modules/_collectionsmodule.c -o build/temp.linux-armv7l-2.7/home/pi/python/source/python_static/Modules/_collectionsmodule.o
gcc -pthread -shared -static -static build/temp.linux-armv7l-2.7/home/pi/python/source/python_static/Modules/_collectionsmodule.o -L/usr/lib/arm-linux-gnueabihf -L/usr/local/lib -o build/lib.linux-armv7l-2.7/_collections.so
building '_bisect' extension
gcc -pthread -fPIC -fno-strict-aliasing -g -O2 -DNDEBUG -g -fwrapv -O3 -Wall -Wstrict-prototypes -I. -IInclude -I./Include -I/usr/include/arm-linux-gnueabihf -I/usr/local/include -I/home/pi/python/source/python_static/Include -I/home/pi/python/source/python_static -c /home/pi/python/source/python_static/Modules/_bisectmodule.c -o build/temp.linux-armv7l-2.7/home/pi/python/source/python_static/Modules/_bisectmodule.o
gcc -pthread -shared -static -static build/temp.linux-armv7l-2.7/home/pi/python/source/python_static/Modules/_bisectmodule.o -L/usr/lib/arm-linux-gnueabihf -L/usr/local/lib -o build/lib.linux-armv7l-2.7/_bisect.so
building '_heapq' extension
gcc -pthread -fPIC -fno-strict-aliasing -g -O2 -DNDEBUG -g -fwrapv -O3 -Wall -Wstrict-prototypes -I. -IInclude -I./Include -I/usr/include/arm-linux-gnueabihf -I/usr/local/include -I/home/pi/python/source/python_static/Include -I/home/pi/python/source/python_static -c /home/pi/python/source/python_static/Modules/_heapqmodule.c -o build/temp.linux-armv7l-2.7/home/pi/python/source/python_static/Modules/_heapqmodule.o
gcc -pthread -shared -static -static build/temp.linux-armv7l-2.7/home/pi/python/source/python_static/Modules/_heapqmodule.o -L/usr/lib/arm-linux-gnueabihf -L/usr/local/lib -o build/lib.linux-armv7l-2.7/_heapq.so
building 'operator' extension
gcc -pthread -fPIC -fno-strict-aliasing -g -O2 -DNDEBUG -g -fwrapv -O3 -Wall -Wstrict-prototypes -I. -IInclude -I./Include -I/usr/include/arm-linux-gnueabihf -I/usr/local/include -I/home/pi/python/source/python_static/Include -I/home/pi/python/source/python_static -c /home/pi/python/source/python_static/Modules/operator.c -o build/temp.linux-armv7l-2.7/home/pi/python/source/python_static/Modules/operator.o
gcc -pthread -shared -static -static build/temp.linux-armv7l-2.7/home/pi/python/source/python_static/Modules/operator.o -L/usr/lib/arm-linux-gnueabihf -L/usr/local/lib -o build/lib.linux-armv7l-2.7/operator.so
building '_io' extension
gcc -pthread -fPIC -fno-strict-aliasing -g -O2 -DNDEBUG -g -fwrapv -O3 -Wall -Wstrict-prototypes -IModules/_io -I. -IInclude -I./Include -I/usr/include/arm-linux-gnueabihf -I/usr/local/include -I/home/pi/python/source/python_static/Include -I/home/pi/python/source/python_static -c /home/pi/python/source/python_static/Modules/_io/bufferedio.c -o build/temp.linux-armv7l-2.7/home/pi/python/source/python_static/Modules/_io/bufferedio.o
gcc -pthread -fPIC -fno-strict-aliasing -g -O2 -DNDEBUG -g -fwrapv -O3 -Wall -Wstrict-prototypes -IModules/_io -I. -IInclude -I./Include -I/usr/include/arm-linux-gnueabihf -I/usr/local/include -I/home/pi/python/source/python_static/Include -I/home/pi/python/source/python_static -c /home/pi/python/source/python_static/Modules/_io/bytesio.c -o build/temp.linux-armv7l-2.7/home/pi/python/source/python_static/Modules/_io/bytesio.o
gcc -pthread -fPIC -fno-strict-aliasing -g -O2 -DNDEBUG -g -fwrapv -O3 -Wall -Wstrict-prototypes -IModules/_io -I. -IInclude -I./Include -I/usr/include/arm-linux-gnueabihf -I/usr/local/include -I/home/pi/python/source/python_static/Include -I/home/pi/python/source/python_static -c /home/pi/python/source/python_static/Modules/_io/fileio.c -o build/temp.linux-armv7l-2.7/home/pi/python/source/python_static/Modules/_io/fileio.o
gcc -pthread -fPIC -fno-strict-aliasing -g -O2 -DNDEBUG -g -fwrapv -O3 -Wall -Wstrict-prototypes -IModules/_io -I. -IInclude -I./Include -I/usr/include/arm-linux-gnueabihf -I/usr/local/include -I/home/pi/python/source/python_static/Include -I/home/pi/python/source/python_static -c /home/pi/python/source/python_static/Modules/_io/iobase.c -o build/temp.linux-armv7l-2.7/home/pi/python/source/python_static/Modules/_io/iobase.o
gcc -pthread -fPIC -fno-strict-aliasing -g -O2 -DNDEBUG -g -fwrapv -O3 -Wall -Wstrict-prototypes -IModules/_io -I. -IInclude -I./Include -I/usr/include/arm-linux-gnueabihf -I/usr/local/include -I/home/pi/python/source/python_static/Include -I/home/pi/python/source/python_static -c /home/pi/python/source/python_static/Modules/_io/_iomodule.c -o build/temp.linux-armv7l-2.7/home/pi/python/source/python_static/Modules/_io/_iomodule.o
gcc -pthread -fPIC -fno-strict-aliasing -g -O2 -DNDEBUG -g -fwrapv -O3 -Wall -Wstrict-prototypes -IModules/_io -I. -IInclude -I./Include -I/usr/include/arm-linux-gnueabihf -I/usr/local/include -I/home/pi/python/source/python_static/Include -I/home/pi/python/source/python_static -c /home/pi/python/source/python_static/Modules/_io/stringio.c -o build/temp.linux-armv7l-2.7/home/pi/python/source/python_static/Modules/_io/stringio.o
gcc -pthread -fPIC -fno-strict-aliasing -g -O2 -DNDEBUG -g -fwrapv -O3 -Wall -Wstrict-prototypes -IModules/_io -I. -IInclude -I./Include -I/usr/include/arm-linux-gnueabihf -I/usr/local/include -I/home/pi/python/source/python_static/Include -I/home/pi/python/source/python_static -c /home/pi/python/source/python_static/Modules/_io/textio.c -o build/temp.linux-armv7l-2.7/home/pi/python/source/python_static/Modules/_io/textio.o
gcc -pthread -shared -static -static build/temp.linux-armv7l-2.7/home/pi/python/source/python_static/Modules/_io/bufferedio.o build/temp.linux-armv7l-2.7/home/pi/python/source/python_static/Modules/_io/bytesio.o build/temp.linux-armv7l-2.7/home/pi/python/source/python_static/Modules/_io/fileio.o build/temp.linux-armv7l-2.7/home/pi/python/source/python_static/Modules/_io/iobase.o build/temp.linux-armv7l-2.7/home/pi/python/source/python_static/Modules/_io/_iomodule.o build/temp.linux-armv7l-2.7/home/pi/python/source/python_static/Modules/_io/stringio.o build/temp.linux-armv7l-2.7/home/pi/python/source/python_static/Modules/_io/textio.o -L/usr/lib/arm-linux-gnueabihf -L/usr/local/lib -o build/lib.linux-armv7l-2.7/_io.so
building '_functools' extension
gcc -pthread -fPIC -fno-strict-aliasing -g -O2 -DNDEBUG -g -fwrapv -O3 -Wall -Wstrict-prototypes -I. -IInclude -I./Include -I/usr/include/arm-linux-gnueabihf -I/usr/local/include -I/home/pi/python/source/python_static/Include -I/home/pi/python/source/python_static -c /home/pi/python/source/python_static/Modules/_functoolsmodule.c -o build/temp.linux-armv7l-2.7/home/pi/python/source/python_static/Modules/_functoolsmodule.o
gcc -pthread -shared -static -static build/temp.linux-armv7l-2.7/home/pi/python/source/python_static/Modules/_functoolsmodule.o -L/usr/lib/arm-linux-gnueabihf -L/usr/local/lib -o build/lib.linux-armv7l-2.7/_functools.so
building '_json' extension
gcc -pthread -fPIC -fno-strict-aliasing -g -O2 -DNDEBUG -g -fwrapv -O3 -Wall -Wstrict-prototypes -I. -IInclude -I./Include -I/usr/include/arm-linux-gnueabihf -I/usr/local/include -I/home/pi/python/source/python_static/Include -I/home/pi/python/source/python_static -c /home/pi/python/source/python_static/Modules/_json.c -o build/temp.linux-armv7l-2.7/home/pi/python/source/python_static/Modules/_json.o
gcc -pthread -shared -static -static build/temp.linux-armv7l-2.7/home/pi/python/source/python_static/Modules/_json.o -L/usr/lib/arm-linux-gnueabihf -L/usr/local/lib -o build/lib.linux-armv7l-2.7/_json.so
building '_testcapi' extension
gcc -pthread -fPIC -fno-strict-aliasing -g -O2 -DNDEBUG -g -fwrapv -O3 -Wall -Wstrict-prototypes -I. -IInclude -I./Include -I/usr/include/arm-linux-gnueabihf -I/usr/local/include -I/home/pi/python/source/python_static/Include -I/home/pi/python/source/python_static -c /home/pi/python/source/python_static/Modules/_testcapimodule.c -o build/temp.linux-armv7l-2.7/home/pi/python/source/python_static/Modules/_testcapimodule.o
gcc -pthread -shared -static -static build/temp.linux-armv7l-2.7/home/pi/python/source/python_static/Modules/_testcapimodule.o -L/usr/lib/arm-linux-gnueabihf -L/usr/local/lib -o build/lib.linux-armv7l-2.7/_testcapi.so
building '_hotshot' extension
gcc -pthread -fPIC -fno-strict-aliasing -g -O2 -DNDEBUG -g -fwrapv -O3 -Wall -Wstrict-prototypes -I. -IInclude -I./Include -I/usr/include/arm-linux-gnueabihf -I/usr/local/include -I/home/pi/python/source/python_static/Include -I/home/pi/python/source/python_static -c /home/pi/python/source/python_static/Modules/_hotshot.c -o build/temp.linux-armv7l-2.7/home/pi/python/source/python_static/Modules/_hotshot.o
gcc -pthread -shared -static -static build/temp.linux-armv7l-2.7/home/pi/python/source/python_static/Modules/_hotshot.o -L/usr/lib/arm-linux-gnueabihf -L/usr/local/lib -o build/lib.linux-armv7l-2.7/_hotshot.so
building '_lsprof' extension
gcc -pthread -fPIC -fno-strict-aliasing -g -O2 -DNDEBUG -g -fwrapv -O3 -Wall -Wstrict-prototypes -I. -IInclude -I./Include -I/usr/include/arm-linux-gnueabihf -I/usr/local/include -I/home/pi/python/source/python_static/Include -I/home/pi/python/source/python_static -c /home/pi/python/source/python_static/Modules/_lsprof.c -o build/temp.linux-armv7l-2.7/home/pi/python/source/python_static/Modules/_lsprof.o
gcc -pthread -fPIC -fno-strict-aliasing -g -O2 -DNDEBUG -g -fwrapv -O3 -Wall -Wstrict-prototypes -I. -IInclude -I./Include -I/usr/include/arm-linux-gnueabihf -I/usr/local/include -I/home/pi/python/source/python_static/Include -I/home/pi/python/source/python_static -c /home/pi/python/source/python_static/Modules/rotatingtree.c -o build/temp.linux-armv7l-2.7/home/pi/python/source/python_static/Modules/rotatingtree.o
gcc -pthread -shared -static -static build/temp.linux-armv7l-2.7/home/pi/python/source/python_static/Modules/_lsprof.o build/temp.linux-armv7l-2.7/home/pi/python/source/python_static/Modules/rotatingtree.o -L/usr/lib/arm-linux-gnueabihf -L/usr/local/lib -o build/lib.linux-armv7l-2.7/_lsprof.so
building 'unicodedata' extension
gcc -pthread -fPIC -fno-strict-aliasing -g -O2 -DNDEBUG -g -fwrapv -O3 -Wall -Wstrict-prototypes -I. -IInclude -I./Include -I/usr/include/arm-linux-gnueabihf -I/usr/local/include -I/home/pi/python/source/python_static/Include -I/home/pi/python/source/python_static -c /home/pi/python/source/python_static/Modules/unicodedata.c -o build/temp.linux-armv7l-2.7/home/pi/python/source/python_static/Modules/unicodedata.o
gcc -pthread -shared -static -static build/temp.linux-armv7l-2.7/home/pi/python/source/python_static/Modules/unicodedata.o -L/usr/lib/arm-linux-gnueabihf -L/usr/local/lib -o build/lib.linux-armv7l-2.7/unicodedata.so
building '_locale' extension
gcc -pthread -fPIC -fno-strict-aliasing -g -O2 -DNDEBUG -g -fwrapv -O3 -Wall -Wstrict-prototypes -I. -IInclude -I./Include -I/usr/include/arm-linux-gnueabihf -I/usr/local/include -I/home/pi/python/source/python_static/Include -I/home/pi/python/source/python_static -c /home/pi/python/source/python_static/Modules/_localemodule.c -o build/temp.linux-armv7l-2.7/home/pi/python/source/python_static/Modules/_localemodule.o
gcc -pthread -shared -static -static build/temp.linux-armv7l-2.7/home/pi/python/source/python_static/Modules/_localemodule.o -L/usr/lib/arm-linux-gnueabihf -L/usr/local/lib -o build/lib.linux-armv7l-2.7/_locale.so
building 'fcntl' extension
gcc -pthread -fPIC -fno-strict-aliasing -g -O2 -DNDEBUG -g -fwrapv -O3 -Wall -Wstrict-prototypes -I. -IInclude -I./Include -I/usr/include/arm-linux-gnueabihf -I/usr/local/include -I/home/pi/python/source/python_static/Include -I/home/pi/python/source/python_static -c /home/pi/python/source/python_static/Modules/fcntlmodule.c -o build/temp.linux-armv7l-2.7/home/pi/python/source/python_static/Modules/fcntlmodule.o
gcc -pthread -shared -static -static build/temp.linux-armv7l-2.7/home/pi/python/source/python_static/Modules/fcntlmodule.o -L/usr/lib/arm-linux-gnueabihf -L/usr/local/lib -o build/lib.linux-armv7l-2.7/fcntl.so
building 'grp' extension
gcc -pthread -fPIC -fno-strict-aliasing -g -O2 -DNDEBUG -g -fwrapv -O3 -Wall -Wstrict-prototypes -I. -IInclude -I./Include -I/usr/include/arm-linux-gnueabihf -I/usr/local/include -I/home/pi/python/source/python_static/Include -I/home/pi/python/source/python_static -c /home/pi/python/source/python_static/Modules/grpmodule.c -o build/temp.linux-armv7l-2.7/home/pi/python/source/python_static/Modules/grpmodule.o
gcc -pthread -shared -static -static build/temp.linux-armv7l-2.7/home/pi/python/source/python_static/Modules/grpmodule.o -L/usr/lib/arm-linux-gnueabihf -L/usr/local/lib -o build/lib.linux-armv7l-2.7/grp.so
building 'spwd' extension
gcc -pthread -fPIC -fno-strict-aliasing -g -O2 -DNDEBUG -g -fwrapv -O3 -Wall -Wstrict-prototypes -I. -IInclude -I./Include -I/usr/include/arm-linux-gnueabihf -I/usr/local/include -I/home/pi/python/source/python_static/Include -I/home/pi/python/source/python_static -c /home/pi/python/source/python_static/Modules/spwdmodule.c -o build/temp.linux-armv7l-2.7/home/pi/python/source/python_static/Modules/spwdmodule.o
gcc -pthread -shared -static -static build/temp.linux-armv7l-2.7/home/pi/python/source/python_static/Modules/spwdmodule.o -L/usr/lib/arm-linux-gnueabihf -L/usr/local/lib -o build/lib.linux-armv7l-2.7/spwd.so
building 'parser' extension
gcc -pthread -fPIC -fno-strict-aliasing -g -O2 -DNDEBUG -g -fwrapv -O3 -Wall -Wstrict-prototypes -I. -IInclude -I./Include -I/usr/include/arm-linux-gnueabihf -I/usr/local/include -I/home/pi/python/source/python_static/Include -I/home/pi/python/source/python_static -c /home/pi/python/source/python_static/Modules/parsermodule.c -o build/temp.linux-armv7l-2.7/home/pi/python/source/python_static/Modules/parsermodule.o
gcc -pthread -shared -static -static build/temp.linux-armv7l-2.7/home/pi/python/source/python_static/Modules/parsermodule.o -L/usr/lib/arm-linux-gnueabihf -L/usr/local/lib -o build/lib.linux-armv7l-2.7/parser.so
building 'cStringIO' extension
gcc -pthread -fPIC -fno-strict-aliasing -g -O2 -DNDEBUG -g -fwrapv -O3 -Wall -Wstrict-prototypes -I. -IInclude -I./Include -I/usr/include/arm-linux-gnueabihf -I/usr/local/include -I/home/pi/python/source/python_static/Include -I/home/pi/python/source/python_static -c /home/pi/python/source/python_static/Modules/cStringIO.c -o build/temp.linux-armv7l-2.7/home/pi/python/source/python_static/Modules/cStringIO.o
gcc -pthread -shared -static -static build/temp.linux-armv7l-2.7/home/pi/python/source/python_static/Modules/cStringIO.o -L/usr/lib/arm-linux-gnueabihf -L/usr/local/lib -o build/lib.linux-armv7l-2.7/cStringIO.so
building 'cPickle' extension
gcc -pthread -fPIC -fno-strict-aliasing -g -O2 -DNDEBUG -g -fwrapv -O3 -Wall -Wstrict-prototypes -I. -IInclude -I./Include -I/usr/include/arm-linux-gnueabihf -I/usr/local/include -I/home/pi/python/source/python_static/Include -I/home/pi/python/source/python_static -c /home/pi/python/source/python_static/Modules/cPickle.c -o build/temp.linux-armv7l-2.7/home/pi/python/source/python_static/Modules/cPickle.o
gcc -pthread -shared -static -static build/temp.linux-armv7l-2.7/home/pi/python/source/python_static/Modules/cPickle.o -L/usr/lib/arm-linux-gnueabihf -L/usr/local/lib -o build/lib.linux-armv7l-2.7/cPickle.so
building 'mmap' extension
gcc -pthread -fPIC -fno-strict-aliasing -g -O2 -DNDEBUG -g -fwrapv -O3 -Wall -Wstrict-prototypes -I. -IInclude -I./Include -I/usr/include/arm-linux-gnueabihf -I/usr/local/include -I/home/pi/python/source/python_static/Include -I/home/pi/python/source/python_static -c /home/pi/python/source/python_static/Modules/mmapmodule.c -o build/temp.linux-armv7l-2.7/home/pi/python/source/python_static/Modules/mmapmodule.o
gcc -pthread -shared -static -static build/temp.linux-armv7l-2.7/home/pi/python/source/python_static/Modules/mmapmodule.o -L/usr/lib/arm-linux-gnueabihf -L/usr/local/lib -o build/lib.linux-armv7l-2.7/mmap.so
building 'syslog' extension
gcc -pthread -fPIC -fno-strict-aliasing -g -O2 -DNDEBUG -g -fwrapv -O3 -Wall -Wstrict-prototypes -I. -IInclude -I./Include -I/usr/include/arm-linux-gnueabihf -I/usr/local/include -I/home/pi/python/source/python_static/Include -I/home/pi/python/source/python_static -c /home/pi/python/source/python_static/Modules/syslogmodule.c -o build/temp.linux-armv7l-2.7/home/pi/python/source/python_static/Modules/syslogmodule.o
gcc -pthread -shared -static -static build/temp.linux-armv7l-2.7/home/pi/python/source/python_static/Modules/syslogmodule.o -L/usr/lib/arm-linux-gnueabihf -L/usr/local/lib -o build/lib.linux-armv7l-2.7/syslog.so
building 'audioop' extension
gcc -pthread -fPIC -fno-strict-aliasing -g -O2 -DNDEBUG -g -fwrapv -O3 -Wall -Wstrict-prototypes -I. -IInclude -I./Include -I/usr/include/arm-linux-gnueabihf -I/usr/local/include -I/home/pi/python/source/python_static/Include -I/home/pi/python/source/python_static -c /home/pi/python/source/python_static/Modules/audioop.c -o build/temp.linux-armv7l-2.7/home/pi/python/source/python_static/Modules/audioop.o
gcc -pthread -shared -static -static build/temp.linux-armv7l-2.7/home/pi/python/source/python_static/Modules/audioop.o -L/usr/lib/arm-linux-gnueabihf -L/usr/local/lib -o build/lib.linux-armv7l-2.7/audioop.so
building 'imageop' extension
gcc -pthread -fPIC -fno-strict-aliasing -g -O2 -DNDEBUG -g -fwrapv -O3 -Wall -Wstrict-prototypes -I. -IInclude -I./Include -I/usr/include/arm-linux-gnueabihf -I/usr/local/include -I/home/pi/python/source/python_static/Include -I/home/pi/python/source/python_static -c /home/pi/python/source/python_static/Modules/imageop.c -o build/temp.linux-armv7l-2.7/home/pi/python/source/python_static/Modules/imageop.o
gcc -pthread -shared -static -static build/temp.linux-armv7l-2.7/home/pi/python/source/python_static/Modules/imageop.o -L/usr/lib/arm-linux-gnueabihf -L/usr/local/lib -o build/lib.linux-armv7l-2.7/imageop.so
building 'crypt' extension
gcc -pthread -fPIC -fno-strict-aliasing -g -O2 -DNDEBUG -g -fwrapv -O3 -Wall -Wstrict-prototypes -I. -IInclude -I./Include -I/usr/include/arm-linux-gnueabihf -I/usr/local/include -I/home/pi/python/source/python_static/Include -I/home/pi/python/source/python_static -c /home/pi/python/source/python_static/Modules/cryptmodule.c -o build/temp.linux-armv7l-2.7/home/pi/python/source/python_static/Modules/cryptmodule.o
gcc -pthread -shared -static -static build/temp.linux-armv7l-2.7/home/pi/python/source/python_static/Modules/cryptmodule.o -L/usr/lib/arm-linux-gnueabihf -L/usr/local/lib -lcrypt -o build/lib.linux-armv7l-2.7/crypt.so
building '_csv' extension
gcc -pthread -fPIC -fno-strict-aliasing -g -O2 -DNDEBUG -g -fwrapv -O3 -Wall -Wstrict-prototypes -I. -IInclude -I./Include -I/usr/include/arm-linux-gnueabihf -I/usr/local/include -I/home/pi/python/source/python_static/Include -I/home/pi/python/source/python_static -c /home/pi/python/source/python_static/Modules/_csv.c -o build/temp.linux-armv7l-2.7/home/pi/python/source/python_static/Modules/_csv.o
gcc -pthread -shared -static -static build/temp.linux-armv7l-2.7/home/pi/python/source/python_static/Modules/_csv.o -L/usr/lib/arm-linux-gnueabihf -L/usr/local/lib -o build/lib.linux-armv7l-2.7/_csv.so
building '_socket' extension
gcc -pthread -fPIC -fno-strict-aliasing -g -O2 -DNDEBUG -g -fwrapv -O3 -Wall -Wstrict-prototypes -I. -IInclude -I./Include -I/usr/include/arm-linux-gnueabihf -I/usr/local/include -I/home/pi/python/source/python_static/Include -I/home/pi/python/source/python_static -c /home/pi/python/source/python_static/Modules/socketmodule.c -o build/temp.linux-armv7l-2.7/home/pi/python/source/python_static/Modules/socketmodule.o
gcc -pthread -fPIC -fno-strict-aliasing -g -O2 -DNDEBUG -g -fwrapv -O3 -Wall -Wstrict-prototypes -I. -IInclude -I./Include -I/usr/include/arm-linux-gnueabihf -I/usr/local/include -I/home/pi/python/source/python_static/Include -I/home/pi/python/source/python_static -c /home/pi/python/source/python_static/Modules/timemodule.c -o build/temp.linux-armv7l-2.7/home/pi/python/source/python_static/Modules/timemodule.o
gcc -pthread -shared -static -static build/temp.linux-armv7l-2.7/home/pi/python/source/python_static/Modules/socketmodule.o build/temp.linux-armv7l-2.7/home/pi/python/source/python_static/Modules/timemodule.o -L/usr/lib/arm-linux-gnueabihf -L/usr/local/lib -lm -o build/lib.linux-armv7l-2.7/_socket.so
building '_ssl' extension
gcc -pthread -fPIC -fno-strict-aliasing -g -O2 -DNDEBUG -g -fwrapv -O3 -Wall -Wstrict-prototypes -I. -IInclude -I./Include -I/usr/include/arm-linux-gnueabihf -I/usr/local/include -I/home/pi/python/source/python_static/Include -I/home/pi/python/source/python_static -c /home/pi/python/source/python_static/Modules/_ssl.c -o build/temp.linux-armv7l-2.7/home/pi/python/source/python_static/Modules/_ssl.o
gcc -pthread -shared -static -static build/temp.linux-armv7l-2.7/home/pi/python/source/python_static/Modules/_ssl.o -L/usr/lib/arm-linux-gnueabihf -L/usr/local/lib -lssl -lcrypto -o build/lib.linux-armv7l-2.7/_ssl.so
building '_hashlib' extension
gcc -pthread -fPIC -fno-strict-aliasing -g -O2 -DNDEBUG -g -fwrapv -O3 -Wall -Wstrict-prototypes -I. -IInclude -I./Include -I/usr/include/arm-linux-gnueabihf -I/usr/local/include -I/home/pi/python/source/python_static/Include -I/home/pi/python/source/python_static -c /home/pi/python/source/python_static/Modules/_hashopenssl.c -o build/temp.linux-armv7l-2.7/home/pi/python/source/python_static/Modules/_hashopenssl.o
gcc -pthread -shared -static -static build/temp.linux-armv7l-2.7/home/pi/python/source/python_static/Modules/_hashopenssl.o -L/usr/lib/arm-linux-gnueabihf -L/usr/local/lib -lssl -lcrypto -o build/lib.linux-armv7l-2.7/_hashlib.so
building '_sqlite3' extension
gcc -pthread -fPIC -fno-strict-aliasing -g -O2 -DNDEBUG -g -fwrapv -O3 -Wall -Wstrict-prototypes -DMODULE_NAME="sqlite3" -DSQLITE_OMIT_LOAD_EXTENSION=1 -IModules/_sqlite -I/usr/include -I. -IInclude -I./Include -I/usr/include/arm-linux-gnueabihf -I/usr/local/include -I/home/pi/python/source/python_static/Include -I/home/pi/python/source/python_static -c /home/pi/python/source/python_static/Modules/_sqlite/cache.c -o build/temp.linux-armv7l-2.7/home/pi/python/source/python_static/Modules/_sqlite/cache.o
gcc -pthread -fPIC -fno-strict-aliasing -g -O2 -DNDEBUG -g -fwrapv -O3 -Wall -Wstrict-prototypes -DMODULE_NAME="sqlite3" -DSQLITE_OMIT_LOAD_EXTENSION=1 -IModules/_sqlite -I/usr/include -I. -IInclude -I./Include -I/usr/include/arm-linux-gnueabihf -I/usr/local/include -I/home/pi/python/source/python_static/Include -I/home/pi/python/source/python_static -c /home/pi/python/source/python_static/Modules/_sqlite/connection.c -o build/temp.linux-armv7l-2.7/home/pi/python/source/python_static/Modules/_sqlite/connection.o
gcc -pthread -fPIC -fno-strict-aliasing -g -O2 -DNDEBUG -g -fwrapv -O3 -Wall -Wstrict-prototypes -DMODULE_NAME="sqlite3" -DSQLITE_OMIT_LOAD_EXTENSION=1 -IModules/_sqlite -I/usr/include -I. -IInclude -I./Include -I/usr/include/arm-linux-gnueabihf -I/usr/local/include -I/home/pi/python/source/python_static/Include -I/home/pi/python/source/python_static -c /home/pi/python/source/python_static/Modules/_sqlite/cursor.c -o build/temp.linux-armv7l-2.7/home/pi/python/source/python_static/Modules/_sqlite/cursor.o
gcc -pthread -fPIC -fno-strict-aliasing -g -O2 -DNDEBUG -g -fwrapv -O3 -Wall -Wstrict-prototypes -DMODULE_NAME="sqlite3" -DSQLITE_OMIT_LOAD_EXTENSION=1 -IModules/_sqlite -I/usr/include -I. -IInclude -I./Include -I/usr/include/arm-linux-gnueabihf -I/usr/local/include -I/home/pi/python/source/python_static/Include -I/home/pi/python/source/python_static -c /home/pi/python/source/python_static/Modules/_sqlite/microprotocols.c -o build/temp.linux-armv7l-2.7/home/pi/python/source/python_static/Modules/_sqlite/microprotocols.o
gcc -pthread -fPIC -fno-strict-aliasing -g -O2 -DNDEBUG -g -fwrapv -O3 -Wall -Wstrict-prototypes -DMODULE_NAME="sqlite3" -DSQLITE_OMIT_LOAD_EXTENSION=1 -IModules/_sqlite -I/usr/include -I. -IInclude -I./Include -I/usr/include/arm-linux-gnueabihf -I/usr/local/include -I/home/pi/python/source/python_static/Include -I/home/pi/python/source/python_static -c /home/pi/python/source/python_static/Modules/_sqlite/module.c -o build/temp.linux-armv7l-2.7/home/pi/python/source/python_static/Modules/_sqlite/module.o
gcc -pthread -fPIC -fno-strict-aliasing -g -O2 -DNDEBUG -g -fwrapv -O3 -Wall -Wstrict-prototypes -DMODULE_NAME="sqlite3" -DSQLITE_OMIT_LOAD_EXTENSION=1 -IModules/_sqlite -I/usr/include -I. -IInclude -I./Include -I/usr/include/arm-linux-gnueabihf -I/usr/local/include -I/home/pi/python/source/python_static/Include -I/home/pi/python/source/python_static -c /home/pi/python/source/python_static/Modules/_sqlite/prepare_protocol.c -o build/temp.linux-armv7l-2.7/home/pi/python/source/python_static/Modules/_sqlite/prepare_protocol.o
gcc -pthread -fPIC -fno-strict-aliasing -g -O2 -DNDEBUG -g -fwrapv -O3 -Wall -Wstrict-prototypes -DMODULE_NAME="sqlite3" -DSQLITE_OMIT_LOAD_EXTENSION=1 -IModules/_sqlite -I/usr/include -I. -IInclude -I./Include -I/usr/include/arm-linux-gnueabihf -I/usr/local/include -I/home/pi/python/source/python_static/Include -I/home/pi/python/source/python_static -c /home/pi/python/source/python_static/Modules/_sqlite/row.c -o build/temp.linux-armv7l-2.7/home/pi/python/source/python_static/Modules/_sqlite/row.o
gcc -pthread -fPIC -fno-strict-aliasing -g -O2 -DNDEBUG -g -fwrapv -O3 -Wall -Wstrict-prototypes -DMODULE_NAME="sqlite3" -DSQLITE_OMIT_LOAD_EXTENSION=1 -IModules/_sqlite -I/usr/include -I. -IInclude -I./Include -I/usr/include/arm-linux-gnueabihf -I/usr/local/include -I/home/pi/python/source/python_static/Include -I/home/pi/python/source/python_static -c /home/pi/python/source/python_static/Modules/_sqlite/statement.c -o build/temp.linux-armv7l-2.7/home/pi/python/source/python_static/Modules/_sqlite/statement.o
gcc -pthread -fPIC -fno-strict-aliasing -g -O2 -DNDEBUG -g -fwrapv -O3 -Wall -Wstrict-prototypes -DMODULE_NAME="sqlite3" -DSQLITE_OMIT_LOAD_EXTENSION=1 -IModules/_sqlite -I/usr/include -I. -IInclude -I./Include -I/usr/include/arm-linux-gnueabihf -I/usr/local/include -I/home/pi/python/source/python_static/Include -I/home/pi/python/source/python_static -c /home/pi/python/source/python_static/Modules/_sqlite/util.c -o build/temp.linux-armv7l-2.7/home/pi/python/source/python_static/Modules/_sqlite/util.o
gcc -pthread -shared -static -static build/temp.linux-armv7l-2.7/home/pi/python/source/python_static/Modules/_sqlite/cache.o build/temp.linux-armv7l-2.7/home/pi/python/source/python_static/Modules/_sqlite/connection.o build/temp.linux-armv7l-2.7/home/pi/python/source/python_static/Modules/_sqlite/cursor.o build/temp.linux-armv7l-2.7/home/pi/python/source/python_static/Modules/_sqlite/microprotocols.o build/temp.linux-armv7l-2.7/home/pi/python/source/python_static/Modules/_sqlite/module.o build/temp.linux-armv7l-2.7/home/pi/python/source/python_static/Modules/_sqlite/prepare_protocol.o build/temp.linux-armv7l-2.7/home/pi/python/source/python_static/Modules/_sqlite/row.o build/temp.linux-armv7l-2.7/home/pi/python/source/python_static/Modules/_sqlite/statement.o build/temp.linux-armv7l-2.7/home/pi/python/source/python_static/Modules/_sqlite/util.o -L/usr/lib/arm-linux-gnueabihf -L/usr/lib/arm-linux-gnueabihf -L/usr/local/lib -lsqlite3 -o build/lib.linux-armv7l-2.7/_sqlite3.so
building 'termios' extension
gcc -pthread -fPIC -fno-strict-aliasing -g -O2 -DNDEBUG -g -fwrapv -O3 -Wall -Wstrict-prototypes -I. -IInclude -I./Include -I/usr/include/arm-linux-gnueabihf -I/usr/local/include -I/home/pi/python/source/python_static/Include -I/home/pi/python/source/python_static -c /home/pi/python/source/python_static/Modules/termios.c -o build/temp.linux-armv7l-2.7/home/pi/python/source/python_static/Modules/termios.o
gcc -pthread -shared -static -static build/temp.linux-armv7l-2.7/home/pi/python/source/python_static/Modules/termios.o -L/usr/lib/arm-linux-gnueabihf -L/usr/local/lib -o build/lib.linux-armv7l-2.7/termios.so
building 'resource' extension
gcc -pthread -fPIC -fno-strict-aliasing -g -O2 -DNDEBUG -g -fwrapv -O3 -Wall -Wstrict-prototypes -I. -IInclude -I./Include -I/usr/include/arm-linux-gnueabihf -I/usr/local/include -I/home/pi/python/source/python_static/Include -I/home/pi/python/source/python_static -c /home/pi/python/source/python_static/Modules/resource.c -o build/temp.linux-armv7l-2.7/home/pi/python/source/python_static/Modules/resource.o
gcc -pthread -shared -static -static build/temp.linux-armv7l-2.7/home/pi/python/source/python_static/Modules/resource.o -L/usr/lib/arm-linux-gnueabihf -L/usr/local/lib -o build/lib.linux-armv7l-2.7/resource.so
building 'nis' extension
gcc -pthread -fPIC -fno-strict-aliasing -g -O2 -DNDEBUG -g -fwrapv -O3 -Wall -Wstrict-prototypes -I. -IInclude -I./Include -I/usr/include/arm-linux-gnueabihf -I/usr/local/include -I/home/pi/python/source/python_static/Include -I/home/pi/python/source/python_static -c /home/pi/python/source/python_static/Modules/nismodule.c -o build/temp.linux-armv7l-2.7/home/pi/python/source/python_static/Modules/nismodule.o
gcc -pthread -shared -static -static build/temp.linux-armv7l-2.7/home/pi/python/source/python_static/Modules/nismodule.o -L/usr/lib/arm-linux-gnueabihf -L/usr/local/lib -lnsl -o build/lib.linux-armv7l-2.7/nis.so
building 'zlib' extension
gcc -pthread -fPIC -fno-strict-aliasing -g -O2 -DNDEBUG -g -fwrapv -O3 -Wall -Wstrict-prototypes -I. -IInclude -I./Include -I/usr/include/arm-linux-gnueabihf -I/usr/local/include -I/home/pi/python/source/python_static/Include -I/home/pi/python/source/python_static -c /home/pi/python/source/python_static/Modules/zlibmodule.c -o build/temp.linux-armv7l-2.7/home/pi/python/source/python_static/Modules/zlibmodule.o
gcc -pthread -shared -static -static build/temp.linux-armv7l-2.7/home/pi/python/source/python_static/Modules/zlibmodule.o -L/usr/lib/arm-linux-gnueabihf -L/usr/local/lib -lz -o build/lib.linux-armv7l-2.7/zlib.so
building 'binascii' extension
gcc -pthread -fPIC -fno-strict-aliasing -g -O2 -DNDEBUG -g -fwrapv -O3 -Wall -Wstrict-prototypes -I. -IInclude -I./Include -I/usr/include/arm-linux-gnueabihf -I/usr/local/include -I/home/pi/python/source/python_static/Include -I/home/pi/python/source/python_static -c /home/pi/python/source/python_static/Modules/binascii.c -o build/temp.linux-armv7l-2.7/home/pi/python/source/python_static/Modules/binascii.o -DUSE_ZLIB_CRC32
gcc -pthread -shared -static -static build/temp.linux-armv7l-2.7/home/pi/python/source/python_static/Modules/binascii.o -L/usr/lib/arm-linux-gnueabihf -L/usr/local/lib -lz -o build/lib.linux-armv7l-2.7/binascii.so
building 'pyexpat' extension
gcc -pthread -fPIC -fno-strict-aliasing -g -O2 -DNDEBUG -g -fwrapv -O3 -Wall -Wstrict-prototypes -DHAVE_EXPAT_CONFIG_H=1 -DXML_POOR_ENTROPY=1 -DUSE_PYEXPAT_CAPI -I/home/pi/python/source/python_static/./Modules/expat -I. -IInclude -I./Include -I/usr/include/arm-linux-gnueabihf -I/usr/local/include -I/home/pi/python/source/python_static/Include -I/home/pi/python/source/python_static -c /home/pi/python/source/python_static/Modules/pyexpat.c -o build/temp.linux-armv7l-2.7/home/pi/python/source/python_static/Modules/pyexpat.o
gcc -pthread -fPIC -fno-strict-aliasing -g -O2 -DNDEBUG -g -fwrapv -O3 -Wall -Wstrict-prototypes -DHAVE_EXPAT_CONFIG_H=1 -DXML_POOR_ENTROPY=1 -DUSE_PYEXPAT_CAPI -I/home/pi/python/source/python_static/./Modules/expat -I. -IInclude -I./Include -I/usr/include/arm-linux-gnueabihf -I/usr/local/include -I/home/pi/python/source/python_static/Include -I/home/pi/python/source/python_static -c /home/pi/python/source/python_static/Modules/expat/xmlparse.c -o build/temp.linux-armv7l-2.7/home/pi/python/source/python_static/Modules/expat/xmlparse.o
gcc -pthread -fPIC -fno-strict-aliasing -g -O2 -DNDEBUG -g -fwrapv -O3 -Wall -Wstrict-prototypes -DHAVE_EXPAT_CONFIG_H=1 -DXML_POOR_ENTROPY=1 -DUSE_PYEXPAT_CAPI -I/home/pi/python/source/python_static/./Modules/expat -I. -IInclude -I./Include -I/usr/include/arm-linux-gnueabihf -I/usr/local/include -I/home/pi/python/source/python_static/Include -I/home/pi/python/source/python_static -c /home/pi/python/source/python_static/Modules/expat/xmlrole.c -o build/temp.linux-armv7l-2.7/home/pi/python/source/python_static/Modules/expat/xmlrole.o
gcc -pthread -fPIC -fno-strict-aliasing -g -O2 -DNDEBUG -g -fwrapv -O3 -Wall -Wstrict-prototypes -DHAVE_EXPAT_CONFIG_H=1 -DXML_POOR_ENTROPY=1 -DUSE_PYEXPAT_CAPI -I/home/pi/python/source/python_static/./Modules/expat -I. -IInclude -I./Include -I/usr/include/arm-linux-gnueabihf -I/usr/local/include -I/home/pi/python/source/python_static/Include -I/home/pi/python/source/python_static -c /home/pi/python/source/python_static/Modules/expat/xmltok.c -o build/temp.linux-armv7l-2.7/home/pi/python/source/python_static/Modules/expat/xmltok.o
gcc -pthread -shared -static -static build/temp.linux-armv7l-2.7/home/pi/python/source/python_static/Modules/pyexpat.o build/temp.linux-armv7l-2.7/home/pi/python/source/python_static/Modules/expat/xmlparse.o build/temp.linux-armv7l-2.7/home/pi/python/source/python_static/Modules/expat/xmlrole.o build/temp.linux-armv7l-2.7/home/pi/python/source/python_static/Modules/expat/xmltok.o -L/usr/lib/arm-linux-gnueabihf -L/usr/local/lib -o build/lib.linux-armv7l-2.7/pyexpat.so
building '_elementtree' extension
gcc -pthread -fPIC -fno-strict-aliasing -g -O2 -DNDEBUG -g -fwrapv -O3 -Wall -Wstrict-prototypes -DHAVE_EXPAT_CONFIG_H=1 -DXML_POOR_ENTROPY=1 -DUSE_PYEXPAT_CAPI -I/home/pi/python/source/python_static/./Modules/expat -I. -IInclude -I./Include -I/usr/include/arm-linux-gnueabihf -I/usr/local/include -I/home/pi/python/source/python_static/Include -I/home/pi/python/source/python_static -c /home/pi/python/source/python_static/Modules/_elementtree.c -o build/temp.linux-armv7l-2.7/home/pi/python/source/python_static/Modules/_elementtree.o
gcc -pthread -shared -static -static build/temp.linux-armv7l-2.7/home/pi/python/source/python_static/Modules/_elementtree.o -L/usr/lib/arm-linux-gnueabihf -L/usr/local/lib -o build/lib.linux-armv7l-2.7/_elementtree.so
building '_multibytecodec' extension
gcc -pthread -fPIC -fno-strict-aliasing -g -O2 -DNDEBUG -g -fwrapv -O3 -Wall -Wstrict-prototypes -I. -IInclude -I./Include -I/usr/include/arm-linux-gnueabihf -I/usr/local/include -I/home/pi/python/source/python_static/Include -I/home/pi/python/source/python_static -c /home/pi/python/source/python_static/Modules/cjkcodecs/multibytecodec.c -o build/temp.linux-armv7l-2.7/home/pi/python/source/python_static/Modules/cjkcodecs/multibytecodec.o
gcc -pthread -shared -static -static build/temp.linux-armv7l-2.7/home/pi/python/source/python_static/Modules/cjkcodecs/multibytecodec.o -L/usr/lib/arm-linux-gnueabihf -L/usr/local/lib -o build/lib.linux-armv7l-2.7/_multibytecodec.so
building '_codecs_kr' extension
gcc -pthread -fPIC -fno-strict-aliasing -g -O2 -DNDEBUG -g -fwrapv -O3 -Wall -Wstrict-prototypes -I. -IInclude -I./Include -I/usr/include/arm-linux-gnueabihf -I/usr/local/include -I/home/pi/python/source/python_static/Include -I/home/pi/python/source/python_static -c /home/pi/python/source/python_static/Modules/cjkcodecs/_codecs_kr.c -o build/temp.linux-armv7l-2.7/home/pi/python/source/python_static/Modules/cjkcodecs/_codecs_kr.o
gcc -pthread -shared -static -static build/temp.linux-armv7l-2.7/home/pi/python/source/python_static/Modules/cjkcodecs/_codecs_kr.o -L/usr/lib/arm-linux-gnueabihf -L/usr/local/lib -o build/lib.linux-armv7l-2.7/_codecs_kr.so
building '_codecs_jp' extension
gcc -pthread -fPIC -fno-strict-aliasing -g -O2 -DNDEBUG -g -fwrapv -O3 -Wall -Wstrict-prototypes -I. -IInclude -I./Include -I/usr/include/arm-linux-gnueabihf -I/usr/local/include -I/home/pi/python/source/python_static/Include -I/home/pi/python/source/python_static -c /home/pi/python/source/python_static/Modules/cjkcodecs/_codecs_jp.c -o build/temp.linux-armv7l-2.7/home/pi/python/source/python_static/Modules/cjkcodecs/_codecs_jp.o
gcc -pthread -shared -static -static build/temp.linux-armv7l-2.7/home/pi/python/source/python_static/Modules/cjkcodecs/_codecs_jp.o -L/usr/lib/arm-linux-gnueabihf -L/usr/local/lib -o build/lib.linux-armv7l-2.7/_codecs_jp.so
building '_codecs_cn' extension
gcc -pthread -fPIC -fno-strict-aliasing -g -O2 -DNDEBUG -g -fwrapv -O3 -Wall -Wstrict-prototypes -I. -IInclude -I./Include -I/usr/include/arm-linux-gnueabihf -I/usr/local/include -I/home/pi/python/source/python_static/Include -I/home/pi/python/source/python_static -c /home/pi/python/source/python_static/Modules/cjkcodecs/_codecs_cn.c -o build/temp.linux-armv7l-2.7/home/pi/python/source/python_static/Modules/cjkcodecs/_codecs_cn.o
gcc -pthread -shared -static -static build/temp.linux-armv7l-2.7/home/pi/python/source/python_static/Modules/cjkcodecs/_codecs_cn.o -L/usr/lib/arm-linux-gnueabihf -L/usr/local/lib -o build/lib.linux-armv7l-2.7/_codecs_cn.so
building '_codecs_tw' extension
gcc -pthread -fPIC -fno-strict-aliasing -g -O2 -DNDEBUG -g -fwrapv -O3 -Wall -Wstrict-prototypes -I. -IInclude -I./Include -I/usr/include/arm-linux-gnueabihf -I/usr/local/include -I/home/pi/python/source/python_static/Include -I/home/pi/python/source/python_static -c /home/pi/python/source/python_static/Modules/cjkcodecs/_codecs_tw.c -o build/temp.linux-armv7l-2.7/home/pi/python/source/python_static/Modules/cjkcodecs/_codecs_tw.o
gcc -pthread -shared -static -static build/temp.linux-armv7l-2.7/home/pi/python/source/python_static/Modules/cjkcodecs/_codecs_tw.o -L/usr/lib/arm-linux-gnueabihf -L/usr/local/lib -o build/lib.linux-armv7l-2.7/_codecs_tw.so
building '_codecs_hk' extension
gcc -pthread -fPIC -fno-strict-aliasing -g -O2 -DNDEBUG -g -fwrapv -O3 -Wall -Wstrict-prototypes -I. -IInclude -I./Include -I/usr/include/arm-linux-gnueabihf -I/usr/local/include -I/home/pi/python/source/python_static/Include -I/home/pi/python/source/python_static -c /home/pi/python/source/python_static/Modules/cjkcodecs/_codecs_hk.c -o build/temp.linux-armv7l-2.7/home/pi/python/source/python_static/Modules/cjkcodecs/_codecs_hk.o
gcc -pthread -shared -static -static build/temp.linux-armv7l-2.7/home/pi/python/source/python_static/Modules/cjkcodecs/_codecs_hk.o -L/usr/lib/arm-linux-gnueabihf -L/usr/local/lib -o build/lib.linux-armv7l-2.7/_codecs_hk.so
building '_codecs_iso2022' extension
gcc -pthread -fPIC -fno-strict-aliasing -g -O2 -DNDEBUG -g -fwrapv -O3 -Wall -Wstrict-prototypes -I. -IInclude -I./Include -I/usr/include/arm-linux-gnueabihf -I/usr/local/include -I/home/pi/python/source/python_static/Include -I/home/pi/python/source/python_static -c /home/pi/python/source/python_static/Modules/cjkcodecs/_codecs_iso2022.c -o build/temp.linux-armv7l-2.7/home/pi/python/source/python_static/Modules/cjkcodecs/_codecs_iso2022.o
gcc -pthread -shared -static -static build/temp.linux-armv7l-2.7/home/pi/python/source/python_static/Modules/cjkcodecs/_codecs_iso2022.o -L/usr/lib/arm-linux-gnueabihf -L/usr/local/lib -o build/lib.linux-armv7l-2.7/_codecs_iso2022.so
building 'dl' extension
gcc -pthread -fPIC -fno-strict-aliasing -g -O2 -DNDEBUG -g -fwrapv -O3 -Wall -Wstrict-prototypes -I. -IInclude -I./Include -I/usr/include/arm-linux-gnueabihf -I/usr/local/include -I/home/pi/python/source/python_static/Include -I/home/pi/python/source/python_static -c /home/pi/python/source/python_static/Modules/dlmodule.c -o build/temp.linux-armv7l-2.7/home/pi/python/source/python_static/Modules/dlmodule.o
gcc -pthread -shared -static -static build/temp.linux-armv7l-2.7/home/pi/python/source/python_static/Modules/dlmodule.o -L/usr/lib/arm-linux-gnueabihf -L/usr/local/lib -o build/lib.linux-armv7l-2.7/dl.so
building '_multiprocessing' extension
gcc -pthread -fPIC -fno-strict-aliasing -g -O2 -DNDEBUG -g -fwrapv -O3 -Wall -Wstrict-prototypes -IModules/_multiprocessing -I. -IInclude -I./Include -I/usr/include/arm-linux-gnueabihf -I/usr/local/include -I/home/pi/python/source/python_static/Include -I/home/pi/python/source/python_static -c /home/pi/python/source/python_static/Modules/_multiprocessing/multiprocessing.c -o build/temp.linux-armv7l-2.7/home/pi/python/source/python_static/Modules/_multiprocessing/multiprocessing.o
gcc -pthread -fPIC -fno-strict-aliasing -g -O2 -DNDEBUG -g -fwrapv -O3 -Wall -Wstrict-prototypes -IModules/_multiprocessing -I. -IInclude -I./Include -I/usr/include/arm-linux-gnueabihf -I/usr/local/include -I/home/pi/python/source/python_static/Include -I/home/pi/python/source/python_static -c /home/pi/python/source/python_static/Modules/_multiprocessing/socket_connection.c -o build/temp.linux-armv7l-2.7/home/pi/python/source/python_static/Modules/_multiprocessing/socket_connection.o
gcc -pthread -fPIC -fno-strict-aliasing -g -O2 -DNDEBUG -g -fwrapv -O3 -Wall -Wstrict-prototypes -IModules/_multiprocessing -I. -IInclude -I./Include -I/usr/include/arm-linux-gnueabihf -I/usr/local/include -I/home/pi/python/source/python_static/Include -I/home/pi/python/source/python_static -c /home/pi/python/source/python_static/Modules/_multiprocessing/semaphore.c -o build/temp.linux-armv7l-2.7/home/pi/python/source/python_static/Modules/_multiprocessing/semaphore.o
gcc -pthread -shared -static -static build/temp.linux-armv7l-2.7/home/pi/python/source/python_static/Modules/_multiprocessing/multiprocessing.o build/temp.linux-armv7l-2.7/home/pi/python/source/python_static/Modules/_multiprocessing/socket_connection.o build/temp.linux-armv7l-2.7/home/pi/python/source/python_static/Modules/_multiprocessing/semaphore.o -L/usr/lib/arm-linux-gnueabihf -L/usr/local/lib -o build/lib.linux-armv7l-2.7/_multiprocessing.so
building 'linuxaudiodev' extension
gcc -pthread -fPIC -fno-strict-aliasing -g -O2 -DNDEBUG -g -fwrapv -O3 -Wall -Wstrict-prototypes -I. -IInclude -I./Include -I/usr/include/arm-linux-gnueabihf -I/usr/local/include -I/home/pi/python/source/python_static/Include -I/home/pi/python/source/python_static -c /home/pi/python/source/python_static/Modules/linuxaudiodev.c -o build/temp.linux-armv7l-2.7/home/pi/python/source/python_static/Modules/linuxaudiodev.o
gcc -pthread -shared -static -static build/temp.linux-armv7l-2.7/home/pi/python/source/python_static/Modules/linuxaudiodev.o -L/usr/lib/arm-linux-gnueabihf -L/usr/local/lib -o build/lib.linux-armv7l-2.7/linuxaudiodev.so
building 'ossaudiodev' extension
gcc -pthread -fPIC -fno-strict-aliasing -g -O2 -DNDEBUG -g -fwrapv -O3 -Wall -Wstrict-prototypes -I. -IInclude -I./Include -I/usr/include/arm-linux-gnueabihf -I/usr/local/include -I/home/pi/python/source/python_static/Include -I/home/pi/python/source/python_static -c /home/pi/python/source/python_static/Modules/ossaudiodev.c -o build/temp.linux-armv7l-2.7/home/pi/python/source/python_static/Modules/ossaudiodev.o
gcc -pthread -shared -static -static build/temp.linux-armv7l-2.7/home/pi/python/source/python_static/Modules/ossaudiodev.o -L/usr/lib/arm-linux-gnueabihf -L/usr/local/lib -o build/lib.linux-armv7l-2.7/ossaudiodev.so
building '_ctypes' extension
gcc -pthread -fPIC -fno-strict-aliasing -g -O2 -DNDEBUG -g -fwrapv -O3 -Wall -Wstrict-prototypes -Ibuild/temp.linux-armv7l-2.7/libffi/include -Ibuild/temp.linux-armv7l-2.7/libffi -I/home/pi/python/source/python_static/Modules/_ctypes/libffi/src -I. -IInclude -I./Include -I/usr/include/arm-linux-gnueabihf -I/usr/local/include -I/home/pi/python/source/python_static/Include -I/home/pi/python/source/python_static -c /home/pi/python/source/python_static/Modules/_ctypes/_ctypes.c -o build/temp.linux-armv7l-2.7/home/pi/python/source/python_static/Modules/_ctypes/_ctypes.o -Wall -fexceptions
gcc -pthread -fPIC -fno-strict-aliasing -g -O2 -DNDEBUG -g -fwrapv -O3 -Wall -Wstrict-prototypes -Ibuild/temp.linux-armv7l-2.7/libffi/include -Ibuild/temp.linux-armv7l-2.7/libffi -I/home/pi/python/source/python_static/Modules/_ctypes/libffi/src -I. -IInclude -I./Include -I/usr/include/arm-linux-gnueabihf -I/usr/local/include -I/home/pi/python/source/python_static/Include -I/home/pi/python/source/python_static -c /home/pi/python/source/python_static/Modules/_ctypes/callbacks.c -o build/temp.linux-armv7l-2.7/home/pi/python/source/python_static/Modules/_ctypes/callbacks.o -Wall -fexceptions
gcc -pthread -fPIC -fno-strict-aliasing -g -O2 -DNDEBUG -g -fwrapv -O3 -Wall -Wstrict-prototypes -Ibuild/temp.linux-armv7l-2.7/libffi/include -Ibuild/temp.linux-armv7l-2.7/libffi -I/home/pi/python/source/python_static/Modules/_ctypes/libffi/src -I. -IInclude -I./Include -I/usr/include/arm-linux-gnueabihf -I/usr/local/include -I/home/pi/python/source/python_static/Include -I/home/pi/python/source/python_static -c /home/pi/python/source/python_static/Modules/_ctypes/callproc.c -o build/temp.linux-armv7l-2.7/home/pi/python/source/python_static/Modules/_ctypes/callproc.o -Wall -fexceptions
gcc -pthread -fPIC -fno-strict-aliasing -g -O2 -DNDEBUG -g -fwrapv -O3 -Wall -Wstrict-prototypes -Ibuild/temp.linux-armv7l-2.7/libffi/include -Ibuild/temp.linux-armv7l-2.7/libffi -I/home/pi/python/source/python_static/Modules/_ctypes/libffi/src -I. -IInclude -I./Include -I/usr/include/arm-linux-gnueabihf -I/usr/local/include -I/home/pi/python/source/python_static/Include -I/home/pi/python/source/python_static -c /home/pi/python/source/python_static/Modules/_ctypes/stgdict.c -o build/temp.linux-armv7l-2.7/home/pi/python/source/python_static/Modules/_ctypes/stgdict.o -Wall -fexceptions
gcc -pthread -fPIC -fno-strict-aliasing -g -O2 -DNDEBUG -g -fwrapv -O3 -Wall -Wstrict-prototypes -Ibuild/temp.linux-armv7l-2.7/libffi/include -Ibuild/temp.linux-armv7l-2.7/libffi -I/home/pi/python/source/python_static/Modules/_ctypes/libffi/src -I. -IInclude -I./Include -I/usr/include/arm-linux-gnueabihf -I/usr/local/include -I/home/pi/python/source/python_static/Include -I/home/pi/python/source/python_static -c /home/pi/python/source/python_static/Modules/_ctypes/cfield.c -o build/temp.linux-armv7l-2.7/home/pi/python/source/python_static/Modules/_ctypes/cfield.o -Wall -fexceptions
gcc -pthread -fPIC -fno-strict-aliasing -g -O2 -DNDEBUG -g -fwrapv -O3 -Wall -Wstrict-prototypes -Ibuild/temp.linux-armv7l-2.7/libffi/include -Ibuild/temp.linux-armv7l-2.7/libffi -I/home/pi/python/source/python_static/Modules/_ctypes/libffi/src -I. -IInclude -I./Include -I/usr/include/arm-linux-gnueabihf -I/usr/local/include -I/home/pi/python/source/python_static/Include -I/home/pi/python/source/python_static -c /home/pi/python/source/python_static/Modules/_ctypes/libffi/src/prep_cif.c -o build/temp.linux-armv7l-2.7/home/pi/python/source/python_static/Modules/_ctypes/libffi/src/prep_cif.o -Wall -fexceptions
gcc -pthread -fPIC -fno-strict-aliasing -g -O2 -DNDEBUG -g -fwrapv -O3 -Wall -Wstrict-prototypes -Ibuild/temp.linux-armv7l-2.7/libffi/include -Ibuild/temp.linux-armv7l-2.7/libffi -I/home/pi/python/source/python_static/Modules/_ctypes/libffi/src -I. -IInclude -I./Include -I/usr/include/arm-linux-gnueabihf -I/usr/local/include -I/home/pi/python/source/python_static/Include -I/home/pi/python/source/python_static -c /home/pi/python/source/python_static/Modules/_ctypes/libffi/src/closures.c -o build/temp.linux-armv7l-2.7/home/pi/python/source/python_static/Modules/_ctypes/libffi/src/closures.o -Wall -fexceptions
gcc -pthread -fPIC -fno-strict-aliasing -g -O2 -DNDEBUG -g -fwrapv -O3 -Wall -Wstrict-prototypes -Ibuild/temp.linux-armv7l-2.7/libffi/include -Ibuild/temp.linux-armv7l-2.7/libffi -I/home/pi/python/source/python_static/Modules/_ctypes/libffi/src -I. -IInclude -I./Include -I/usr/include/arm-linux-gnueabihf -I/usr/local/include -I/home/pi/python/source/python_static/Include -I/home/pi/python/source/python_static -c /home/pi/python/source/python_static/Modules/_ctypes/libffi/src/arm/sysv.S -o build/temp.linux-armv7l-2.7/home/pi/python/source/python_static/Modules/_ctypes/libffi/src/arm/sysv.o -Wall -fexceptions
gcc -pthread -fPIC -fno-strict-aliasing -g -O2 -DNDEBUG -g -fwrapv -O3 -Wall -Wstrict-prototypes -Ibuild/temp.linux-armv7l-2.7/libffi/include -Ibuild/temp.linux-armv7l-2.7/libffi -I/home/pi/python/source/python_static/Modules/_ctypes/libffi/src -I. -IInclude -I./Include -I/usr/include/arm-linux-gnueabihf -I/usr/local/include -I/home/pi/python/source/python_static/Include -I/home/pi/python/source/python_static -c /home/pi/python/source/python_static/Modules/_ctypes/libffi/src/arm/ffi.c -o build/temp.linux-armv7l-2.7/home/pi/python/source/python_static/Modules/_ctypes/libffi/src/arm/ffi.o -Wall -fexceptions
gcc -pthread -shared -static -static build/temp.linux-armv7l-2.7/home/pi/python/source/python_static/Modules/_ctypes/_ctypes.o build/temp.linux-armv7l-2.7/home/pi/python/source/python_static/Modules/_ctypes/callbacks.o build/temp.linux-armv7l-2.7/home/pi/python/source/python_static/Modules/_ctypes/callproc.o build/temp.linux-armv7l-2.7/home/pi/python/source/python_static/Modules/_ctypes/stgdict.o build/temp.linux-armv7l-2.7/home/pi/python/source/python_static/Modules/_ctypes/cfield.o build/temp.linux-armv7l-2.7/home/pi/python/source/python_static/Modules/_ctypes/libffi/src/prep_cif.o build/temp.linux-armv7l-2.7/home/pi/python/source/python_static/Modules/_ctypes/libffi/src/closures.o build/temp.linux-armv7l-2.7/home/pi/python/source/python_static/Modules/_ctypes/libffi/src/arm/sysv.o build/temp.linux-armv7l-2.7/home/pi/python/source/python_static/Modules/_ctypes/libffi/src/arm/ffi.o -L/usr/lib/arm-linux-gnueabihf -L/usr/local/lib -o build/lib.linux-armv7l-2.7/_ctypes.so

Python build finished, but the necessary bits to build these modules were not found:
_bsddb             _curses            _curses_panel   
_tkinter           bsddb185           bz2             
dbm                gdbm               readline        
sunaudiodev                                           
To find the necessary bits, look in setup.py in detect_modules() for the module's name.


Failed to build these modules:
_bisect            _codecs_cn         _codecs_hk      
_codecs_iso2022    _codecs_jp         _codecs_kr      
_codecs_tw         _collections       _csv            
_ctypes            _ctypes_test       _elementtree    
_functools         _hashlib           _heapq          
_hotshot           _io                _json           
_locale            _lsprof            _multibytecodec 
_multiprocessing   _random            _socket         
_sqlite3           _ssl               _struct         
_testcapi          array              audioop         
binascii           cmath              cPickle         
crypt              cStringIO          datetime        
dl                 fcntl              future_builtins 
grp                imageop            linuxaudiodev   
mmap               nis                operator        
ossaudiodev        parser             pyexpat         
resource           spwd               strop           
syslog             termios            unicodedata     
zlib                                                  

running build_scripts
